#
# There is insufficient memory for the Java Runtime Environment to continue.
# Native memory allocation (malloc) failed to allocate 1236496 bytes for Chunk::new
# Possible reasons:
#   The system is out of physical RAM or swap space
#   In 32 bit mode, the process size limit was hit
# Possible solutions:
#   Reduce memory load on the system
#   Increase physical memory or swap space
#   Check if swap backing store is full
#   Use 64 bit Java on a 64 bit OS
#   Decrease Java heap size (-Xmx/-Xms)
#   Decrease number of Java threads
#   Decrease Java thread stack sizes (-Xss)
#   Set larger code cache with -XX:ReservedCodeCacheSize=
# This output file may be truncated or incomplete.
#
#  Out of Memory Error (allocation.cpp:390), pid=2472, tid=4376
#
# JRE version: Java(TM) SE Runtime Environment (8.0_31-b13) (build 1.8.0_31-b13)
# Java VM: Java HotSpot(TM) 64-Bit Server VM (25.31-b07 mixed mode windows-amd64 compressed oops)
# Failed to write core dump. Minidumps are not enabled by default on client versions of Windows
#

---------------  T H R E A D  ---------------

Current thread (0x00000000085db000):  JavaThread "C2 CompilerThread2" daemon [_thread_in_native, id=4376, stack(0x0000000008db0000,0x0000000008eb0000)]

Stack: [0x0000000008db0000,0x0000000008eb0000]
Native frames: (J=compiled Java code, j=interpreted, Vv=VM code, C=native code)
V  [jvm.dll+0x3169ba]
V  [jvm.dll+0x2674c3]
V  [jvm.dll+0x268103]
V  [jvm.dll+0x25f8f5]
V  [jvm.dll+0xbf025]
V  [jvm.dll+0xbf4cc]
V  [jvm.dll+0x45df82]
V  [jvm.dll+0x49f21f]
V  [jvm.dll+0x452b35]
V  [jvm.dll+0x454124]
V  [jvm.dll+0x437c62]
V  [jvm.dll+0x988e2]
V  [jvm.dll+0x990d3]
V  [jvm.dll+0x22c194]
V  [jvm.dll+0x28576a]
C  [msvcr100.dll+0x21d9f]
C  [msvcr100.dll+0x21e3b]
C  [KERNEL32.DLL+0x12d92]
C  [ntdll.dll+0x9f64]


Current CompileTask:
C2:  18705 2283   !   4       com.android.dx.cf.code.RopperMachine::run (1550 bytes)


---------------  P R O C E S S  ---------------

Java Threads: ( => current thread )
  0x0000000008727000 JavaThread "pool-1-thread-4" [_thread_blocked, id=1792, stack(0x00000000095b0000,0x00000000096b0000)]
  0x0000000008726000 JavaThread "pool-1-thread-3" [_thread_blocked, id=4184, stack(0x00000000094b0000,0x00000000095b0000)]
  0x000000000872d000 JavaThread "pool-1-thread-2" [_thread_in_Java, id=10248, stack(0x00000000093b0000,0x00000000094b0000)]
  0x00000000086db800 JavaThread "pool-2-thread-1" [_thread_blocked, id=544, stack(0x00000000092b0000,0x00000000093b0000)]
  0x00000000086d5000 JavaThread "pool-1-thread-1" [_thread_in_Java, id=5064, stack(0x00000000091b0000,0x00000000092b0000)]
  0x00000000085e8800 JavaThread "Service Thread" daemon [_thread_blocked, id=3704, stack(0x0000000008fb0000,0x00000000090b0000)]
  0x00000000085e0800 JavaThread "C1 CompilerThread3" daemon [_thread_blocked, id=10076, stack(0x0000000008eb0000,0x0000000008fb0000)]
=>0x00000000085db000 JavaThread "C2 CompilerThread2" daemon [_thread_in_native, id=4376, stack(0x0000000008db0000,0x0000000008eb0000)]
  0x00000000085d9000 JavaThread "C2 CompilerThread1" daemon [_thread_in_native, id=5612, stack(0x0000000008cb0000,0x0000000008db0000)]
  0x00000000085d6000 JavaThread "C2 CompilerThread0" daemon [_thread_in_native, id=6072, stack(0x0000000008bb0000,0x0000000008cb0000)]
  0x00000000085d4800 JavaThread "Attach Listener" daemon [_thread_blocked, id=7748, stack(0x0000000008ab0000,0x0000000008bb0000)]
  0x00000000085d4000 JavaThread "Signal Dispatcher" daemon [_thread_blocked, id=3372, stack(0x00000000089b0000,0x0000000008ab0000)]
  0x0000000002927800 JavaThread "Finalizer" daemon [_thread_blocked, id=1112, stack(0x00000000083f0000,0x00000000084f0000)]
  0x00000000064fc800 JavaThread "Reference Handler" daemon [_thread_blocked, id=10564, stack(0x00000000082f0000,0x00000000083f0000)]
  0x0000000002830800 JavaThread "main" [_thread_blocked, id=1412, stack(0x00000000026b0000,0x00000000027b0000)]

Other Threads:
  0x00000000064f8800 VMThread [stack: 0x00000000081f0000,0x00000000082f0000] [id=7740]
  0x00000000085eb000 WatcherThread [stack: 0x00000000090b0000,0x00000000091b0000] [id=8908]

VM state:not at safepoint (normal execution)

VM Mutex/Monitor currently owned by a thread: None

Heap:
 PSYoungGen      total 102400K, used 69056K [0x00000000eab00000, 0x00000000f9300000, 0x0000000100000000)
  eden space 98304K, 66% used [0x00000000eab00000,0x00000000eea73d18,0x00000000f0b00000)
  from space 4096K, 99% used [0x00000000f0b00000,0x00000000f0efc538,0x00000000f0f00000)
  to   space 20480K, 0% used [0x00000000f7f00000,0x00000000f7f00000,0x00000000f9300000)
 ParOldGen       total 65536K, used 34721K [0x00000000c0000000, 0x00000000c4000000, 0x00000000eab00000)
  object space 65536K, 52% used [0x00000000c0000000,0x00000000c21e8750,0x00000000c4000000)
 Metaspace       used 6320K, capacity 7218K, committed 7296K, reserved 1056768K
  class space    used 605K, capacity 618K, committed 640K, reserved 1048576K

Card table byte_map: [0x0000000002da0000,0x0000000002fb0000] byte_map_base: 0x00000000027a0000

Marking Bits: (ParMarkBitMap*) 0x00000000628dd4f0
 Begin Bits: [0x0000000003910000, 0x0000000004910000)
 End Bits:   [0x0000000004910000, 0x0000000005910000)

Polling page: 0x0000000000f00000

CodeCache: size=245760Kb used=10155Kb max_used=10173Kb free=235604Kb
 bounds [0x000000000f010000, 0x000000000fa10000, 0x000000001e010000]
 total_blobs=2381 nmethods=2116 adapters=178
 compilation: enabled

Compilation events (10 events):
Event: 18.391 Thread 0x00000000085db000 2280       4       com.android.dx.rop.code.RegisterSpec::getBasicFrameType (10 bytes)
Event: 18.392 Thread 0x00000000085db000 nmethod 2280 0x000000000f954650 code [0x000000000f954780, 0x000000000f9547f8]
Event: 18.452 Thread 0x00000000085d6000 2281       4       com.android.dx.rop.code.RegisterSpec::hashCode (16 bytes)
Event: 18.454 Thread 0x00000000085db000 2282       4       com.android.dx.cf.code.BaseMachine::resultCount (22 bytes)
Event: 18.454 Thread 0x00000000085db000 nmethod 2282 0x000000000f9c0650 code [0x000000000f9c0780, 0x000000000f9c07f8]
Event: 18.454 Thread 0x00000000085db000 2283   !   4       com.android.dx.cf.code.RopperMachine::run (1550 bytes)
Event: 18.467 Thread 0x00000000085d6000 nmethod 2281 0x000000000f9f1d50 code [0x000000000f9f1ea0, 0x000000000f9f2378]
Event: 18.467 Thread 0x00000000085d6000 2285       4       com.android.dx.cf.code.BasicBlocker::getBlockList (208 bytes)
Event: 18.469 Thread 0x00000000085e0800 2290       3       com.android.dx.rop.code.SwitchInsn::accept (8 bytes)
Event: 18.469 Thread 0x00000000085e0800 nmethod 2290 0x000000000f9c1910 code [0x000000000f9c1a80, 0x000000000f9c1ca8]

GC Heap History (10 events):
Event: 4.945 GC heap before
{Heap before GC invocations=1 (full 0):
 PSYoungGen      total 28672K, used 24576K [0x00000000eab00000, 0x00000000ecb00000, 0x0000000100000000)
  eden space 24576K, 100% used [0x00000000eab00000,0x00000000ec300000,0x00000000ec300000)
  from space 4096K, 0% used [0x00000000ec700000,0x00000000ec700000,0x00000000ecb00000)
  to   space 4096K, 0% used [0x00000000ec300000,0x00000000ec300000,0x00000000ec700000)
 ParOldGen       total 65536K, used 0K [0x00000000c0000000, 0x00000000c4000000, 0x00000000eab00000)
  object space 65536K, 0% used [0x00000000c0000000,0x00000000c0000000,0x00000000c4000000)
 Metaspace       used 5714K, capacity 6832K, committed 7040K, reserved 1056768K
  class space    used 584K, capacity 616K, committed 640K, reserved 1048576K
Event: 5.080 GC heap after
Heap after GC invocations=1 (full 0):
 PSYoungGen      total 28672K, used 4090K [0x00000000eab00000, 0x00000000ee300000, 0x0000000100000000)
  eden space 24576K, 0% used [0x00000000eab00000,0x00000000eab00000,0x00000000ec300000)
  from space 4096K, 99% used [0x00000000ec300000,0x00000000ec6fe968,0x00000000ec700000)
  to   space 4096K, 0% used [0x00000000edf00000,0x00000000edf00000,0x00000000ee300000)
 ParOldGen       total 65536K, used 1448K [0x00000000c0000000, 0x00000000c4000000, 0x00000000eab00000)
  object space 65536K, 2% used [0x00000000c0000000,0x00000000c016a378,0x00000000c4000000)
 Metaspace       used 5714K, capacity 6832K, committed 7040K, reserved 1056768K
  class space    used 584K, capacity 616K, committed 640K, reserved 1048576K
}
Event: 5.513 GC heap before
{Heap before GC invocations=2 (full 0):
 PSYoungGen      total 28672K, used 28666K [0x00000000eab00000, 0x00000000ee300000, 0x0000000100000000)
  eden space 24576K, 100% used [0x00000000eab00000,0x00000000ec300000,0x00000000ec300000)
  from space 4096K, 99% used [0x00000000ec300000,0x00000000ec6fe968,0x00000000ec700000)
  to   space 4096K, 0% used [0x00000000edf00000,0x00000000edf00000,0x00000000ee300000)
 ParOldGen       total 65536K, used 1448K [0x00000000c0000000, 0x00000000c4000000, 0x00000000eab00000)
  object space 65536K, 2% used [0x00000000c0000000,0x00000000c016a378,0x00000000c4000000)
 Metaspace       used 5929K, capacity 7024K, committed 7296K, reserved 1056768K
  class space    used 584K, capacity 616K, committed 640K, reserved 1048576K
Event: 5.554 GC heap after
Heap after GC invocations=2 (full 0):
 PSYoungGen      total 53248K, used 4077K [0x00000000eab00000, 0x00000000ee300000, 0x0000000100000000)
  eden space 49152K, 0% used [0x00000000eab00000,0x00000000eab00000,0x00000000edb00000)
  from space 4096K, 99% used [0x00000000edf00000,0x00000000ee2fb738,0x00000000ee300000)
  to   space 4096K, 0% used [0x00000000edb00000,0x00000000edb00000,0x00000000edf00000)
 ParOldGen       total 65536K, used 4824K [0x00000000c0000000, 0x00000000c4000000, 0x00000000eab00000)
  object space 65536K, 7% used [0x00000000c0000000,0x00000000c04b6158,0x00000000c4000000)
 Metaspace       used 5929K, capacity 7024K, committed 7296K, reserved 1056768K
  class space    used 584K, capacity 616K, committed 640K, reserved 1048576K
}
Event: 6.164 GC heap before
{Heap before GC invocations=3 (full 0):
 PSYoungGen      total 53248K, used 53229K [0x00000000eab00000, 0x00000000ee300000, 0x0000000100000000)
  eden space 49152K, 100% used [0x00000000eab00000,0x00000000edb00000,0x00000000edb00000)
  from space 4096K, 99% used [0x00000000edf00000,0x00000000ee2fb738,0x00000000ee300000)
  to   space 4096K, 0% used [0x00000000edb00000,0x00000000edb00000,0x00000000edf00000)
 ParOldGen       total 65536K, used 4824K [0x00000000c0000000, 0x00000000c4000000, 0x00000000eab00000)
  object space 65536K, 7% used [0x00000000c0000000,0x00000000c04b6158,0x00000000c4000000)
 Metaspace       used 6059K, capacity 7088K, committed 7296K, reserved 1056768K
  class space    used 584K, capacity 616K, committed 640K, reserved 1048576K
Event: 6.202 GC heap after
Heap after GC invocations=3 (full 0):
 PSYoungGen      total 53248K, used 4076K [0x00000000eab00000, 0x00000000f1300000, 0x0000000100000000)
  eden space 49152K, 0% used [0x00000000eab00000,0x00000000eab00000,0x00000000edb00000)
  from space 4096K, 99% used [0x00000000edb00000,0x00000000edefb048,0x00000000edf00000)
  to   space 4096K, 0% used [0x00000000f0f00000,0x00000000f0f00000,0x00000000f1300000)
 ParOldGen       total 65536K, used 12005K [0x00000000c0000000, 0x00000000c4000000, 0x00000000eab00000)
  object space 65536K, 18% used [0x00000000c0000000,0x00000000c0bb9770,0x00000000c4000000)
 Metaspace       used 6059K, capacity 7088K, committed 7296K, reserved 1056768K
  class space    used 584K, capacity 616K, committed 640K, reserved 1048576K
}
Event: 7.132 GC heap before
{Heap before GC invocations=4 (full 0):
 PSYoungGen      total 53248K, used 53228K [0x00000000eab00000, 0x00000000f1300000, 0x0000000100000000)
  eden space 49152K, 100% used [0x00000000eab00000,0x00000000edb00000,0x00000000edb00000)
  from space 4096K, 99% used [0x00000000edb00000,0x00000000edefb048,0x00000000edf00000)
  to   space 4096K, 0% used [0x00000000f0f00000,0x00000000f0f00000,0x00000000f1300000)
 ParOldGen       total 65536K, used 12005K [0x00000000c0000000, 0x00000000c4000000, 0x00000000eab00000)
  object space 65536K, 18% used [0x00000000c0000000,0x00000000c0bb9770,0x00000000c4000000)
 Metaspace       used 6098K, capacity 7152K, committed 7296K, reserved 1056768K
  class space    used 585K, capacity 616K, committed 640K, reserved 1048576K
Event: 7.199 GC heap after
Heap after GC invocations=4 (full 0):
 PSYoungGen      total 102400K, used 4092K [0x00000000eab00000, 0x00000000f1300000, 0x0000000100000000)
  eden space 98304K, 0% used [0x00000000eab00000,0x00000000eab00000,0x00000000f0b00000)
  from space 4096K, 99% used [0x00000000f0f00000,0x00000000f12ff228,0x00000000f1300000)
  to   space 4096K, 0% used [0x00000000f0b00000,0x00000000f0b00000,0x00000000f0f00000)
 ParOldGen       total 65536K, used 19995K [0x00000000c0000000, 0x00000000c4000000, 0x00000000eab00000)
  object space 65536K, 30% used [0x00000000c0000000,0x00000000c1386c98,0x00000000c4000000)
 Metaspace       used 6098K, capacity 7152K, committed 7296K, reserved 1056768K
  class space    used 585K, capacity 616K, committed 640K, reserved 1048576K
}
Event: 10.535 GC heap before
{Heap before GC invocations=5 (full 0):
 PSYoungGen      total 102400K, used 102396K [0x00000000eab00000, 0x00000000f1300000, 0x0000000100000000)
  eden space 98304K, 100% used [0x00000000eab00000,0x00000000f0b00000,0x00000000f0b00000)
  from space 4096K, 99% used [0x00000000f0f00000,0x00000000f12ff228,0x00000000f1300000)
  to   space 4096K, 0% used [0x00000000f0b00000,0x00000000f0b00000,0x00000000f0f00000)
 ParOldGen       total 65536K, used 19995K [0x00000000c0000000, 0x00000000c4000000, 0x00000000eab00000)
  object space 65536K, 30% used [0x00000000c0000000,0x00000000c1386c98,0x00000000c4000000)
 Metaspace       used 6267K, capacity 7218K, committed 7296K, reserved 1056768K
  class space    used 604K, capacity 618K, committed 640K, reserved 1048576K
Event: 11.462 GC heap after
Heap after GC invocations=5 (full 0):
 PSYoungGen      total 102400K, used 4081K [0x00000000eab00000, 0x00000000f9300000, 0x0000000100000000)
  eden space 98304K, 0% used [0x00000000eab00000,0x00000000eab00000,0x00000000f0b00000)
  from space 4096K, 99% used [0x00000000f0b00000,0x00000000f0efc538,0x00000000f0f00000)
  to   space 20480K, 0% used [0x00000000f7f00000,0x00000000f7f00000,0x00000000f9300000)
 ParOldGen       total 65536K, used 34721K [0x00000000c0000000, 0x00000000c4000000, 0x00000000eab00000)
  object space 65536K, 52% used [0x00000000c0000000,0x00000000c21e8750,0x00000000c4000000)
 Metaspace       used 6267K, capacity 7218K, committed 7296K, reserved 1056768K
  class space    used 604K, capacity 618K, committed 640K, reserved 1048576K
}

Deoptimization events (10 events):
Event: 14.309 Thread 0x0000000008727000 Uncommon trap: reason=bimorphic action=maybe_recompile pc=0x000000000f7c3dd4 method=com.android.dx.ssa.LiteralOpUpgrader.tryReplacingWithConstant(Lcom/android/dx/ssa/NormalSsaInsn;)Z @ 62
Event: 14.430 Thread 0x0000000008727000 Uncommon trap: reason=unreached action=reinterpret pc=0x000000000f52b50c method=com.android.dx.ssa.MoveParamCombiner$1.visitNonMoveInsn(Lcom/android/dx/ssa/NormalSsaInsn;)V @ 27
Event: 15.081 Thread 0x0000000008727000 Uncommon trap: reason=bimorphic action=maybe_recompile pc=0x000000000f874a68 method=com.android.dx.cf.code.BytecodeArray.parseInstruction(ILcom/android/dx/cf/code/BytecodeArray$Visitor;)I @ 1357
Event: 15.082 Thread 0x0000000008727000 Uncommon trap: reason=bimorphic action=maybe_recompile pc=0x000000000f874a68 method=com.android.dx.cf.code.BytecodeArray.parseInstruction(ILcom/android/dx/cf/code/BytecodeArray$Visitor;)I @ 1357
Event: 18.448 Thread 0x0000000008727000 Uncommon trap: reason=class_check action=maybe_recompile pc=0x000000000f83b8bc method=com.android.dx.cf.code.RopperMachine.run(Lcom/android/dx/cf/code/Frame;II)V @ 1024
Event: 18.448 Thread 0x0000000008727000 Uncommon trap: reason=class_check action=maybe_recompile pc=0x000000000f83b8bc method=com.android.dx.cf.code.RopperMachine.run(Lcom/android/dx/cf/code/Frame;II)V @ 1024
Event: 18.449 Thread 0x0000000008727000 Uncommon trap: reason=class_check action=maybe_recompile pc=0x000000000f83b8bc method=com.android.dx.cf.code.RopperMachine.run(Lcom/android/dx/cf/code/Frame;II)V @ 1024
Event: 18.449 Thread 0x0000000008727000 Uncommon trap: reason=class_check action=maybe_recompile pc=0x000000000f83b8bc method=com.android.dx.cf.code.RopperMachine.run(Lcom/android/dx/cf/code/Frame;II)V @ 1024
Event: 18.460 Thread 0x0000000008727000 Uncommon trap: reason=bimorphic action=maybe_recompile pc=0x000000000f46495c method=com.android.dx.ssa.SCCP.setLatticeValueTo(IILcom/android/dx/rop/cst/Constant;)Z @ 43
Event: 18.461 Thread 0x0000000008727000 Uncommon trap: reason=bimorphic action=maybe_recompile pc=0x000000000f46495c method=com.android.dx.ssa.SCCP.setLatticeValueTo(IILcom/android/dx/rop/cst/Constant;)Z @ 43

Internal exceptions (10 events):
Event: 4.657 Thread 0x0000000008726000 Exception <a 'java/security/PrivilegedActionException'> (0x00000000ebb51188) thrown at [C:\workspace\8-2-build-windows-amd64-cygwin\jdk8u31\2394\hotspot\src\share\vm\prims\jvm.cpp, line 1312]
Event: 5.121 Thread 0x0000000008727000 Implicit null exception at 0x000000000f2bde59 to 0x000000000f2bfe4d
Event: 5.129 Thread 0x0000000008727000 Exception <a 'java/security/PrivilegedActionException'> (0x00000000ead3d7f8) thrown at [C:\workspace\8-2-build-windows-amd64-cygwin\jdk8u31\2394\hotspot\src\share\vm\prims\jvm.cpp, line 1312]
Event: 6.239 Thread 0x0000000008726000 Implicit null exception at 0x000000000f32a9e2 to 0x000000000f32aad2
Event: 6.367 Thread 0x0000000008727000 Exception <a 'java/security/PrivilegedActionException'> (0x00000000eba92650) thrown at [C:\workspace\8-2-build-windows-amd64-cygwin\jdk8u31\2394\hotspot\src\share\vm\prims\jvm.cpp, line 1312]
Event: 9.051 Thread 0x000000000872d000 Exception <a 'java/security/PrivilegedActionException'> (0x00000000eda8d768) thrown at [C:\workspace\8-2-build-windows-amd64-cygwin\jdk8u31\2394\hotspot\src\share\vm\prims\jvm.cpp, line 1312]
Event: 9.059 Thread 0x0000000008727000 Exception <a 'java/lang/ArrayIndexOutOfBoundsException': 18> (0x00000000ed563400) thrown at [C:\workspace\8-2-build-windows-amd64-cygwin\jdk8u31\2394\hotspot\src\share\vm\interpreter\interpreterRuntime.cpp, line 366]
Event: 9.060 Thread 0x0000000008727000 Exception <a 'java/lang/ArrayIndexOutOfBoundsException': 145> (0x00000000ed564e98) thrown at [C:\workspace\8-2-build-windows-amd64-cygwin\jdk8u31\2394\hotspot\src\share\vm\interpreter\interpreterRuntime.cpp, line 366]
Event: 9.061 Thread 0x0000000008727000 Exception <a 'java/lang/ArrayIndexOutOfBoundsException'> (0x00000000ed5660b0) thrown at [C:\workspace\8-2-build-windows-amd64-cygwin\jdk8u31\2394\hotspot\src\share\vm\runtime\sharedRuntime.cpp, line 604]
Event: 13.267 Thread 0x0000000002830800 Exception <a 'java/security/PrivilegedActionException'> (0x00000000ec3684e8) thrown at [C:\workspace\8-2-build-windows-amd64-cygwin\jdk8u31\2394\hotspot\src\share\vm\prims\jvm.cpp, line 1312]

Events (10 events):
Event: 18.449 Thread 0x0000000008727000 DEOPT PACKING pc=0x000000000f83b8bc sp=0x00000000096ae840
Event: 18.449 Thread 0x0000000008727000 DEOPT UNPACKING pc=0x000000000f05556a sp=0x00000000096ae7e8 mode 2
Event: 18.458 Thread 0x0000000008727000 DEOPT PACKING pc=0x000000000f4e6161 sp=0x00000000096aec00
Event: 18.458 Thread 0x0000000008727000 DEOPT UNPACKING pc=0x000000000f0575bf sp=0x00000000096ae990 mode 0
Event: 18.460 Thread 0x0000000008727000 Uncommon trap: trap_request=0xffffffc6 fr.pc=0x000000000f46495c
Event: 18.460 Thread 0x0000000008727000 DEOPT PACKING pc=0x000000000f46495c sp=0x00000000096aec30
Event: 18.460 Thread 0x0000000008727000 DEOPT UNPACKING pc=0x000000000f05556a sp=0x00000000096aeb78 mode 2
Event: 18.461 Thread 0x0000000008727000 Uncommon trap: trap_request=0xffffffc6 fr.pc=0x000000000f46495c
Event: 18.461 Thread 0x0000000008727000 DEOPT PACKING pc=0x000000000f46495c sp=0x00000000096aeb80
Event: 18.461 Thread 0x0000000008727000 DEOPT UNPACKING pc=0x000000000f05556a sp=0x00000000096aeac8 mode 2


Dynamic libraries:
0x00007ff646dc0000 - 0x00007ff646df4000 	F:\Program Files\Java\jdk1.8.0_31\bin\java.exe
0x00007ffd6f330000 - 0x00007ffd6f4f1000 	C:\WINDOWS\SYSTEM32\ntdll.dll
0x00007ffd6f000000 - 0x00007ffd6f0ad000 	C:\WINDOWS\system32\KERNEL32.DLL
0x00007ffd6bec0000 - 0x00007ffd6c09d000 	C:\WINDOWS\system32\KERNELBASE.dll
0x00007ffd6eba0000 - 0x00007ffd6ec46000 	C:\WINDOWS\system32\ADVAPI32.dll
0x00007ffd6ce50000 - 0x00007ffd6ceed000 	C:\WINDOWS\system32\msvcrt.dll
0x00007ffd6cab0000 - 0x00007ffd6cb0b000 	C:\WINDOWS\system32\sechost.dll
0x00007ffd6cb10000 - 0x00007ffd6cc36000 	C:\WINDOWS\system32\RPCRT4.dll
0x00007ffd6e790000 - 0x00007ffd6e8de000 	C:\WINDOWS\system32\USER32.dll
0x00007ffd6cc50000 - 0x00007ffd6cdd6000 	C:\WINDOWS\system32\GDI32.dll
0x00007ffd63ec0000 - 0x00007ffd64134000 	C:\WINDOWS\WinSxS\amd64_microsoft.windows.common-controls_6595b64144ccf1df_6.0.10240.16384_none_f41f7b285750ef43\COMCTL32.dll
0x00007ffd6e610000 - 0x00007ffd6e646000 	C:\WINDOWS\system32\IMM32.DLL
0x00007ffd6ea40000 - 0x00007ffd6eb9c000 	C:\WINDOWS\system32\MSCTF.dll
0x00007ffd6bc50000 - 0x00007ffd6bc81000 	C:\Windows\system32\nvinitx.dll
0x00007ffd6bc40000 - 0x00007ffd6bc4a000 	C:\WINDOWS\SYSTEM32\VERSION.dll
0x000000000f000000 - 0x000000000f006000 	C:\Program Files\NVIDIA Corporation\CoProcManager\_etoured.dll
0x00007ffd6a200000 - 0x00007ffd6a233000 	C:\Program Files\NVIDIA Corporation\CoProcManager\nvd3d9wrapx.dll
0x00007ffd6cf10000 - 0x00007ffd6d0d5000 	C:\WINDOWS\system32\SETUPAPI.dll
0x00007ffd6c7e0000 - 0x00007ffd6c824000 	C:\WINDOWS\system32\CFGMGR32.dll
0x00007ffd69de0000 - 0x00007ffd69e02000 	C:\Program Files\NVIDIA Corporation\CoProcManager\nvdxgiwrapx.dll
0x0000000061dd0000 - 0x0000000061ea2000 	F:\Program Files\Java\jdk1.8.0_31\jre\bin\msvcr100.dll
0x0000000062100000 - 0x000000006295a000 	F:\Program Files\Java\jdk1.8.0_31\jre\bin\server\jvm.dll
0x00007ffd6cc40000 - 0x00007ffd6cc48000 	C:\WINDOWS\system32\PSAPI.DLL
0x00007ffd60940000 - 0x00007ffd60949000 	C:\WINDOWS\SYSTEM32\WSOCK32.dll
0x00007ffd6cde0000 - 0x00007ffd6ce49000 	C:\WINDOWS\system32\WS2_32.dll
0x00007ffd6e650000 - 0x00007ffd6e658000 	C:\WINDOWS\system32\NSI.dll
0x00007ffd69d10000 - 0x00007ffd69d33000 	C:\WINDOWS\SYSTEM32\WINMM.dll
0x00007ffd69cb0000 - 0x00007ffd69cdc000 	C:\WINDOWS\SYSTEM32\WINMMBASE.dll
0x00007ffd6a680000 - 0x00007ffd6a6a7000 	C:\WINDOWS\SYSTEM32\DEVOBJ.dll
0x0000000062e20000 - 0x0000000062e2f000 	F:\Program Files\Java\jdk1.8.0_31\jre\bin\verify.dll
0x0000000062df0000 - 0x0000000062e18000 	F:\Program Files\Java\jdk1.8.0_31\jre\bin\java.dll
0x0000000062dd0000 - 0x0000000062de6000 	F:\Program Files\Java\jdk1.8.0_31\jre\bin\zip.dll
0x00007ffd6d0e0000 - 0x00007ffd6e602000 	C:\WINDOWS\system32\SHELL32.dll
0x00007ffd6c0a0000 - 0x00007ffd6c6c9000 	C:\WINDOWS\system32\windows.storage.dll
0x00007ffd6f0b0000 - 0x00007ffd6f32c000 	C:\WINDOWS\system32\combase.dll
0x00007ffd6ef40000 - 0x00007ffd6ef91000 	C:\WINDOWS\system32\shlwapi.dll
0x00007ffd6bdd0000 - 0x00007ffd6bddf000 	C:\WINDOWS\system32\kernel.appcore.dll
0x00000000084f0000 - 0x00000000085a3000 	C:\WINDOWS\system32\shcore.dll
0x00007ffd6bd60000 - 0x00007ffd6bdaa000 	C:\WINDOWS\system32\powrprof.dll
0x00007ffd6bdb0000 - 0x00007ffd6bdc3000 	C:\WINDOWS\system32\profapi.dll
0x00007ffd57720000 - 0x00007ffd578aa000 	C:\WINDOWS\SYSTEM32\dbghelp.dll

VM Arguments:
jvm_args: -Xmx1024M -Dfile.encoding=windows-1252 -Duser.country=US -Duser.language=en -Duser.variant 
java_command: com.android.dx.command.Main --dex --num-threads=4 --output F:\Programming\Programs\Android\DailyMeds\mobile\build\intermediates\pre-dexed\debug\classes-383f4b69d5b3d9727a47d08434d9400efb55db29.jar F:\Programming\Programs\Android\DailyMeds\mobile\build\intermediates\exploded-aar\com.android.support\support-v4\23.0.0\jars\classes.jar
java_class_path (initial): F:\Program Files\Android\sdk\build-tools\23.0.0\lib\dx.jar
Launcher Type: SUN_STANDARD

Environment Variables:
JAVA_HOME=F:\Program Files\Java\jdk1.8.0_31
PATH=C:\ProgramData\Oracle\Java\javapath;C:\Windows\system32;C:\Windows;C:\Windows\System32\Wbem;C:\Windows\System32\WindowsPowerShell\v1.0\;C:\Program Files (x86)\MiKTeX 2.9\miktex\bin\;C:\Program Files (x86)\Windows Kits\8.1\Windows Performance Toolkit\;C:\Program Files\Microsoft SQL Server\110\Tools\Binn\;C:\Program Files (x86)\Microsoft SDKs\TypeScript\1.0\;C:\WINDOWS\system32;C:\WINDOWS;C:\WINDOWS\System32\Wbem;C:\WINDOWS\System32\WindowsPowerShell\v1.0\;C:\Program Files (x86)\NVIDIA Corporation\PhysX\Common;F:\Program Files (x86)\Git\cmd;C:\Program Files (x86)\Skype\Phone\
USERNAME=captain
OS=Windows_NT
PROCESSOR_IDENTIFIER=Intel64 Family 6 Model 42 Stepping 7, GenuineIntel



---------------  S Y S T E M  ---------------

OS: Windows 8.1 , 64 bit Build 9600 

CPU:total 8 (4 cores per cpu, 2 threads per core) family 6 model 42 stepping 7, cmov, cx8, fxsr, mmx, sse, sse2, sse3, ssse3, sse4.1, sse4.2, popcnt, avx, aes, clmul, ht, tsc, tscinvbit

Memory: 4k page, physical 6201544k(372544k free), swap 7996156k(7168k free)

vm_info: Java HotSpot(TM) 64-Bit Server VM (25.31-b07) for windows-amd64 JRE (1.8.0_31-b13), built on Dec 17 2014 21:00:28 by "java_re" with MS VC++ 10.0 (VS2010)

time: Fri Aug 28 17:03:27 2015
elapsed time: 18 seconds (0d 0h 0m 18s)

