#
# There is insufficient memory for the Java Runtime Environment to continue.
# Native memory allocation (malloc) failed to allocate 32744 bytes for ChunkPool::allocate
# Possible reasons:
#   The system is out of physical RAM or swap space
#   In 32 bit mode, the process size limit was hit
# Possible solutions:
#   Reduce memory load on the system
#   Increase physical memory or swap space
#   Check if swap backing store is full
#   Use 64 bit Java on a 64 bit OS
#   Decrease Java heap size (-Xmx/-Xms)
#   Decrease number of Java threads
#   Decrease Java thread stack sizes (-Xss)
#   Set larger code cache with -XX:ReservedCodeCacheSize=
# This output file may be truncated or incomplete.
#
#  Out of Memory Error (allocation.cpp:273), pid=2468, tid=3680
#
# JRE version: Java(TM) SE Runtime Environment (8.0_31-b13) (build 1.8.0_31-b13)
# Java VM: Java HotSpot(TM) 64-Bit Server VM (25.31-b07 mixed mode windows-amd64 compressed oops)
# Failed to write core dump. Minidumps are not enabled by default on client versions of Windows
#

---------------  T H R E A D  ---------------

Current thread (0x0000000007ef6000):  JavaThread "C2 CompilerThread1" daemon [_thread_in_native, id=3680, stack(0x0000000008580000,0x0000000008680000)]

Stack: [0x0000000008580000,0x0000000008680000]
Native frames: (J=compiled Java code, j=interpreted, Vv=VM code, C=native code)
V  [jvm.dll+0x3169ba]


Current CompileTask:
C2:  46959 2275       4       com.android.dx.ssa.SsaConverter::placePhiFunctions (394 bytes)


---------------  P R O C E S S  ---------------

Java Threads: ( => current thread )
  0x00000000081a0800 JavaThread "pool-1-thread-4" [_thread_in_Java, id=2012, stack(0x0000000008e80000,0x0000000008f80000)]
  0x0000000008197000 JavaThread "pool-1-thread-3" [_thread_in_Java, id=8536, stack(0x0000000008d80000,0x0000000008e80000)]
  0x0000000008196000 JavaThread "pool-1-thread-2" [_thread_in_Java, id=11188, stack(0x0000000008c80000,0x0000000008d80000)]
  0x0000000008192800 JavaThread "pool-2-thread-1" [_thread_blocked, id=200, stack(0x0000000008b80000,0x0000000008c80000)]
  0x0000000008192000 JavaThread "pool-1-thread-1" [_thread_in_Java, id=2340, stack(0x0000000008a80000,0x0000000008b80000)]
  0x0000000007f0b000 JavaThread "Service Thread" daemon [_thread_blocked, id=3648, stack(0x0000000008880000,0x0000000008980000)]
  0x0000000007f00000 JavaThread "C1 CompilerThread3" daemon [_thread_in_native, id=7220, stack(0x0000000008780000,0x0000000008880000)]
  0x0000000007ef9000 JavaThread "C2 CompilerThread2" daemon [_thread_in_native, id=10232, stack(0x0000000008680000,0x0000000008780000)]
=>0x0000000007ef6000 JavaThread "C2 CompilerThread1" daemon [_thread_in_native, id=3680, stack(0x0000000008580000,0x0000000008680000)]
  0x0000000007ea6000 JavaThread "C2 CompilerThread0" daemon [_thread_in_native, id=3936, stack(0x0000000008480000,0x0000000008580000)]
  0x0000000007ea4800 JavaThread "Attach Listener" daemon [_thread_blocked, id=6164, stack(0x0000000008380000,0x0000000008480000)]
  0x0000000007ea4000 JavaThread "Signal Dispatcher" daemon [_thread_blocked, id=5720, stack(0x0000000008280000,0x0000000008380000)]
  0x0000000002382000 JavaThread "Finalizer" daemon [_thread_blocked, id=3448, stack(0x0000000007d80000,0x0000000007e80000)]
  0x0000000005eac800 JavaThread "Reference Handler" daemon [_thread_blocked, id=1524, stack(0x0000000007c80000,0x0000000007d80000)]
  0x0000000002290800 JavaThread "main" [_thread_in_Java, id=6684, stack(0x00000000020b0000,0x00000000021b0000)]

Other Threads:
  0x0000000005ea8800 VMThread [stack: 0x0000000007b80000,0x0000000007c80000] [id=5180]
  0x0000000007f0d000 WatcherThread [stack: 0x0000000008980000,0x0000000008a80000] [id=2172]

VM state:not at safepoint (normal execution)

VM Mutex/Monitor currently owned by a thread: None

Heap:
 PSYoungGen      total 228864K, used 94073K [0x00000000eab00000, 0x00000000ff600000, 0x0000000100000000)
  eden space 131072K, 46% used [0x00000000eab00000,0x00000000ee6602e8,0x00000000f2b00000)
  from space 97792K, 34% used [0x00000000f9680000,0x00000000fb6fe4d8,0x00000000ff600000)
  to   space 103936K, 0% used [0x00000000f2b00000,0x00000000f2b00000,0x00000000f9080000)
 ParOldGen       total 327168K, used 171059K [0x00000000c0000000, 0x00000000d3f80000, 0x00000000eab00000)
  object space 327168K, 52% used [0x00000000c0000000,0x00000000ca70ce68,0x00000000d3f80000)
 Metaspace       used 6278K, capacity 7154K, committed 7296K, reserved 1056768K
  class space    used 600K, capacity 618K, committed 640K, reserved 1048576K

Card table byte_map: [0x0000000002750000,0x0000000002960000] byte_map_base: 0x0000000002150000

Marking Bits: (ParMarkBitMap*) 0x00000000628dd4f0
 Begin Bits: [0x00000000032c0000, 0x00000000042c0000)
 End Bits:   [0x00000000042c0000, 0x00000000052c0000)

Polling page: 0x00000000007e0000

CodeCache: size=245760Kb used=10933Kb max_used=10933Kb free=234827Kb
 bounds [0x000000000f010000, 0x000000000fad0000, 0x000000001e010000]
 total_blobs=2512 nmethods=2247 adapters=178
 compilation: enabled

Compilation events (10 events):
Event: 46.926 Thread 0x0000000007f00000 2273       3       java.util.HashMap$ValueIterator::<init> (11 bytes)
Event: 46.926 Thread 0x0000000007f00000 nmethod 2273 0x000000000faa3d50 code [0x000000000faa3ec0, 0x000000000faa4068]
Event: 46.926 Thread 0x0000000007f00000 2274       3       java.util.HashMap$ValueIterator::next (8 bytes)
Event: 46.926 Thread 0x0000000007f00000 nmethod 2274 0x000000000faa3910 code [0x000000000faa3a80, 0x000000000faa3c88]
Event: 46.927 Thread 0x0000000007ef6000 2275       4       com.android.dx.ssa.SsaConverter::placePhiFunctions (394 bytes)
Event: 46.931 Thread 0x0000000007f00000 2276       3       com.android.dx.cf.direct.DirectClassFile::makeTypeList (47 bytes)
Event: 46.932 Thread 0x0000000007f00000 nmethod 2276 0x000000000faa3310 code [0x000000000faa34a0, 0x000000000faa37d8]
Event: 46.934 Thread 0x0000000007f00000 2277  s    3       java.io.ByteArrayOutputStream::toByteArray (12 bytes)
Event: 46.934 Thread 0x0000000007f00000 nmethod 2277 0x000000000faa2a90 code [0x000000000faa2c20, 0x000000000faa3148]
Event: 46.934 Thread 0x0000000007f00000 2278   !   3       com.android.dx.cf.cst.ConstantPoolParser::parse0 (731 bytes)

GC Heap History (10 events):
Event: 31.072 GC heap before
{Heap before GC invocations=17 (full 4):
 PSYoungGen      total 242176K, used 52828K [0x00000000eab00000, 0x00000000ffe80000, 0x0000000100000000)
  eden space 135168K, 0% used [0x00000000eab00000,0x00000000eab00000,0x00000000f2f00000)
  from space 107008K, 49% used [0x00000000f2f00000,0x00000000f6297120,0x00000000f9780000)
  to   space 104448K, 0% used [0x00000000f9880000,0x00000000f9880000,0x00000000ffe80000)
 ParOldGen       total 235520K, used 195425K [0x00000000c0000000, 0x00000000ce600000, 0x00000000eab00000)
  object space 235520K, 82% used [0x00000000c0000000,0x00000000cbed8690,0x00000000ce600000)
 Metaspace       used 6130K, capacity 7090K, committed 7296K, reserved 1056768K
  class space    used 598K, capacity 618K, committed 640K, reserved 1048576K
Event: 33.449 GC heap after
Heap after GC invocations=17 (full 4):
 PSYoungGen      total 242176K, used 0K [0x00000000eab00000, 0x00000000ffe80000, 0x0000000100000000)
  eden space 135168K, 0% used [0x00000000eab00000,0x00000000eab00000,0x00000000f2f00000)
  from space 107008K, 0% used [0x00000000f2f00000,0x00000000f2f00000,0x00000000f9780000)
  to   space 104448K, 0% used [0x00000000f9880000,0x00000000f9880000,0x00000000ffe80000)
 ParOldGen       total 240128K, used 117721K [0x00000000c0000000, 0x00000000cea80000, 0x00000000eab00000)
  object space 240128K, 49% used [0x00000000c0000000,0x00000000c72f6438,0x00000000cea80000)
 Metaspace       used 6130K, capacity 7090K, committed 7296K, reserved 1056768K
  class space    used 598K, capacity 618K, committed 640K, reserved 1048576K
}
Event: 33.948 GC heap before
{Heap before GC invocations=18 (full 4):
 PSYoungGen      total 242176K, used 135168K [0x00000000eab00000, 0x00000000ffe80000, 0x0000000100000000)
  eden space 135168K, 100% used [0x00000000eab00000,0x00000000f2f00000,0x00000000f2f00000)
  from space 107008K, 0% used [0x00000000f2f00000,0x00000000f2f00000,0x00000000f9780000)
  to   space 104448K, 0% used [0x00000000f9880000,0x00000000f9880000,0x00000000ffe80000)
 ParOldGen       total 240128K, used 117721K [0x00000000c0000000, 0x00000000cea80000, 0x00000000eab00000)
  object space 240128K, 49% used [0x00000000c0000000,0x00000000c72f6438,0x00000000cea80000)
 Metaspace       used 6131K, capacity 7090K, committed 7296K, reserved 1056768K
  class space    used 598K, capacity 618K, committed 640K, reserved 1048576K
Event: 34.105 GC heap after
Heap after GC invocations=18 (full 4):
 PSYoungGen      total 233472K, used 76379K [0x00000000eab00000, 0x0000000100000000, 0x0000000100000000)
  eden space 129024K, 0% used [0x00000000eab00000,0x00000000eab00000,0x00000000f2900000)
  from space 104448K, 73% used [0x00000000f9880000,0x00000000fe316d90,0x00000000ffe80000)
  to   space 110080K, 0% used [0x00000000f2900000,0x00000000f2900000,0x00000000f9480000)
 ParOldGen       total 240128K, used 117721K [0x00000000c0000000, 0x00000000cea80000, 0x00000000eab00000)
  object space 240128K, 49% used [0x00000000c0000000,0x00000000c72f6438,0x00000000cea80000)
 Metaspace       used 6131K, capacity 7090K, committed 7296K, reserved 1056768K
  class space    used 598K, capacity 618K, committed 640K, reserved 1048576K
}
Event: 35.527 GC heap before
{Heap before GC invocations=19 (full 4):
 PSYoungGen      total 233472K, used 205403K [0x00000000eab00000, 0x0000000100000000, 0x0000000100000000)
  eden space 129024K, 100% used [0x00000000eab00000,0x00000000f2900000,0x00000000f2900000)
  from space 104448K, 73% used [0x00000000f9880000,0x00000000fe316d90,0x00000000ffe80000)
  to   space 110080K, 0% used [0x00000000f2900000,0x00000000f2900000,0x00000000f9480000)
 ParOldGen       total 240128K, used 117721K [0x00000000c0000000, 0x00000000cea80000, 0x00000000eab00000)
  object space 240128K, 49% used [0x00000000c0000000,0x00000000c72f6438,0x00000000cea80000)
 Metaspace       used 6147K, capacity 7090K, committed 7296K, reserved 1056768K
  class space    used 598K, capacity 618K, committed 640K, reserved 1048576K
Event: 36.376 GC heap after
Heap after GC invocations=19 (full 4):
 PSYoungGen      total 239104K, used 23715K [0x00000000eab00000, 0x0000000100000000, 0x0000000100000000)
  eden space 129024K, 0% used [0x00000000eab00000,0x00000000eab00000,0x00000000f2900000)
  from space 110080K, 21% used [0x00000000f2900000,0x00000000f4028fe8,0x00000000f9480000)
  to   space 108032K, 0% used [0x00000000f9680000,0x00000000f9680000,0x0000000100000000)
 ParOldGen       total 240128K, used 196168K [0x00000000c0000000, 0x00000000cea80000, 0x00000000eab00000)
  object space 240128K, 81% used [0x00000000c0000000,0x00000000cbf92040,0x00000000cea80000)
 Metaspace       used 6147K, capacity 7090K, committed 7296K, reserved 1056768K
  class space    used 598K, capacity 618K, committed 640K, reserved 1048576K
}
Event: 36.376 GC heap before
{Heap before GC invocations=20 (full 5):
 PSYoungGen      total 239104K, used 23715K [0x00000000eab00000, 0x0000000100000000, 0x0000000100000000)
  eden space 129024K, 0% used [0x00000000eab00000,0x00000000eab00000,0x00000000f2900000)
  from space 110080K, 21% used [0x00000000f2900000,0x00000000f4028fe8,0x00000000f9480000)
  to   space 108032K, 0% used [0x00000000f9680000,0x00000000f9680000,0x0000000100000000)
 ParOldGen       total 240128K, used 196168K [0x00000000c0000000, 0x00000000cea80000, 0x00000000eab00000)
  object space 240128K, 81% used [0x00000000c0000000,0x00000000cbf92040,0x00000000cea80000)
 Metaspace       used 6147K, capacity 7090K, committed 7296K, reserved 1056768K
  class space    used 598K, capacity 618K, committed 640K, reserved 1048576K
Event: 39.642 GC heap after
Heap after GC invocations=20 (full 5):
 PSYoungGen      total 239104K, used 0K [0x00000000eab00000, 0x0000000100000000, 0x0000000100000000)
  eden space 129024K, 0% used [0x00000000eab00000,0x00000000eab00000,0x00000000f2900000)
  from space 110080K, 0% used [0x00000000f2900000,0x00000000f2900000,0x00000000f9480000)
  to   space 108032K, 0% used [0x00000000f9680000,0x00000000f9680000,0x0000000100000000)
 ParOldGen       total 327168K, used 171051K [0x00000000c0000000, 0x00000000d3f80000, 0x00000000eab00000)
  object space 327168K, 52% used [0x00000000c0000000,0x00000000ca70ae68,0x00000000d3f80000)
 Metaspace       used 6147K, capacity 7090K, committed 7296K, reserved 1056768K
  class space    used 598K, capacity 618K, committed 640K, reserved 1048576K
}
Event: 46.126 GC heap before
{Heap before GC invocations=21 (full 5):
 PSYoungGen      total 239104K, used 129024K [0x00000000eab00000, 0x0000000100000000, 0x0000000100000000)
  eden space 129024K, 100% used [0x00000000eab00000,0x00000000f2900000,0x00000000f2900000)
  from space 110080K, 0% used [0x00000000f2900000,0x00000000f2900000,0x00000000f9480000)
  to   space 108032K, 0% used [0x00000000f9680000,0x00000000f9680000,0x0000000100000000)
 ParOldGen       total 327168K, used 171051K [0x00000000c0000000, 0x00000000d3f80000, 0x00000000eab00000)
  object space 327168K, 52% used [0x00000000c0000000,0x00000000ca70ae68,0x00000000d3f80000)
 Metaspace       used 6233K, capacity 7154K, committed 7296K, reserved 1056768K
  class space    used 598K, capacity 618K, committed 640K, reserved 1048576K
Event: 46.529 GC heap after
Heap after GC invocations=21 (full 5):
 PSYoungGen      total 228864K, used 33273K [0x00000000eab00000, 0x00000000ff600000, 0x0000000100000000)
  eden space 131072K, 0% used [0x00000000eab00000,0x00000000eab00000,0x00000000f2b00000)
  from space 97792K, 34% used [0x00000000f9680000,0x00000000fb6fe4d8,0x00000000ff600000)
  to   space 103936K, 0% used [0x00000000f2b00000,0x00000000f2b00000,0x00000000f9080000)
 ParOldGen       total 327168K, used 171059K [0x00000000c0000000, 0x00000000d3f80000, 0x00000000eab00000)
  object space 327168K, 52% used [0x00000000c0000000,0x00000000ca70ce68,0x00000000d3f80000)
 Metaspace       used 6233K, capacity 7154K, committed 7296K, reserved 1056768K
  class space    used 598K, capacity 618K, committed 640K, reserved 1048576K
}

Deoptimization events (10 events):
Event: 46.618 Thread 0x0000000008196000 Uncommon trap: reason=unreached action=reinterpret pc=0x000000000f5e353c method=com.android.dx.ssa.SsaInsn.getLocalAssignment()Lcom/android/dx/rop/code/RegisterSpec; @ 14
Event: 46.631 Thread 0x0000000008196000 Uncommon trap: reason=unreached action=reinterpret pc=0x000000000f80e648 method=com.android.dx.ssa.SsaConverter.placePhiFunctions(Lcom/android/dx/ssa/SsaMethod;Lcom/android/dx/ssa/LocalVariableInfo;I)V @ 327
Event: 46.632 Thread 0x0000000008196000 Uncommon trap: reason=unreached action=reinterpret pc=0x000000000f452ec8 method=com.android.dx.ssa.SsaRenamer$BlockRenamer.visitMoveInsn(Lcom/android/dx/ssa/NormalSsaInsn;)V @ 64
Event: 46.632 Thread 0x0000000008196000 Uncommon trap: reason=unreached action=reinterpret pc=0x000000000f5bd2cc method=com.android.dx.ssa.SsaRenamer$BlockRenamer.process()V @ 59
Event: 46.634 Thread 0x0000000008196000 Uncommon trap: reason=unreached action=reinterpret pc=0x000000000f9836a8 method=com.android.dx.ssa.SsaInsn.getLocalAssignment()Lcom/android/dx/rop/code/RegisterSpec; @ 14
Event: 46.634 Thread 0x0000000008196000 Uncommon trap: reason=unreached action=reinterpret pc=0x000000000f6a6e68 method=com.android.dx.ssa.SsaInsn.getLocalAssignment()Lcom/android/dx/rop/code/RegisterSpec; @ 14
Event: 46.634 Thread 0x0000000008196000 Uncommon trap: reason=unreached action=reinterpret pc=0x000000000f8abdf0 method=com.android.dx.ssa.SsaInsn.getLocalAssignment()Lcom/android/dx/rop/code/RegisterSpec; @ 14
Event: 46.648 Thread 0x00000000081a0800 Uncommon trap: reason=unreached action=reinterpret pc=0x000000000f939a48 method=com.android.dx.ssa.PhiTypeResolver.equalsHandlesNulls(Lcom/android/dx/rop/code/LocalItem;Lcom/android/dx/rop/code/LocalItem;)Z @ 2
Event: 46.877 Thread 0x00000000081a0800 Uncommon trap: reason=bimorphic action=maybe_recompile pc=0x000000000f4fde28 method=com.android.dx.cf.code.RopperMachine.run(Lcom/android/dx/cf/code/Frame;II)V @ 988
Event: 46.934 Thread 0x0000000002290800 Uncommon trap: reason=unloaded action=reinterpret pc=0x000000000f6af800 method=com.android.dx.cf.cst.ConstantPoolParser.parse0(ILjava/util/BitSet;)Lcom/android/dx/rop/cst/Constant; @ 176

Internal exceptions (10 events):
Event: 14.666 Thread 0x0000000008192000 Exception <a 'java/security/PrivilegedActionException'> (0x00000000ebffb710) thrown at [C:\workspace\8-2-build-windows-amd64-cygwin\jdk8u31\2394\hotspot\src\share\vm\prims\jvm.cpp, line 1312]
Event: 15.240 Thread 0x0000000008197000 Exception <a 'java/lang/ArrayIndexOutOfBoundsException': 18> (0x00000000ecee0fb8) thrown at [C:\workspace\8-2-build-windows-amd64-cygwin\jdk8u31\2394\hotspot\src\share\vm\interpreter\interpreterRuntime.cpp, line 366]
Event: 15.241 Thread 0x0000000008197000 Exception <a 'java/lang/ArrayIndexOutOfBoundsException': 145> (0x00000000ecee2a50) thrown at [C:\workspace\8-2-build-windows-amd64-cygwin\jdk8u31\2394\hotspot\src\share\vm\interpreter\interpreterRuntime.cpp, line 366]
Event: 15.242 Thread 0x0000000008197000 Exception <a 'java/lang/ArrayIndexOutOfBoundsException'> (0x00000000ecee3c68) thrown at [C:\workspace\8-2-build-windows-amd64-cygwin\jdk8u31\2394\hotspot\src\share\vm\runtime\sharedRuntime.cpp, line 604]
Event: 25.505 Thread 0x0000000002290800 Exception <a 'java/security/PrivilegedActionException'> (0x00000000ef261410) thrown at [C:\workspace\8-2-build-windows-amd64-cygwin\jdk8u31\2394\hotspot\src\share\vm\prims\jvm.cpp, line 1312]
Event: 25.650 Thread 0x0000000002290800 Exception <a 'java/security/PrivilegedActionException'> (0x00000000efeab330) thrown at [C:\workspace\8-2-build-windows-amd64-cygwin\jdk8u31\2394\hotspot\src\share\vm\prims\jvm.cpp, line 1312]
Event: 41.886 Thread 0x0000000002290800 Exception <a 'java/security/PrivilegedActionException'> (0x00000000f020c220) thrown at [C:\workspace\8-2-build-windows-amd64-cygwin\jdk8u31\2394\hotspot\src\share\vm\prims\jvm.cpp, line 1312]
Event: 46.595 Thread 0x0000000002290800 Exception <a 'java/security/PrivilegedActionException'> (0x00000000ead8b2e8) thrown at [C:\workspace\8-2-build-windows-amd64-cygwin\jdk8u31\2394\hotspot\src\share\vm\prims\jvm.cpp, line 1312]
Event: 46.597 Thread 0x0000000002290800 Exception <a 'java/security/PrivilegedActionException'> (0x00000000ead952f8) thrown at [C:\workspace\8-2-build-windows-amd64-cygwin\jdk8u31\2394\hotspot\src\share\vm\prims\jvm.cpp, line 1312]
Event: 46.598 Thread 0x0000000002290800 Exception <a 'java/security/PrivilegedActionException'> (0x00000000ead97770) thrown at [C:\workspace\8-2-build-windows-amd64-cygwin\jdk8u31\2394\hotspot\src\share\vm\prims\jvm.cpp, line 1312]

Events (10 events):
Event: 46.877 Thread 0x00000000081a0800 Uncommon trap: trap_request=0xffffffc6 fr.pc=0x000000000f4fde28
Event: 46.877 Thread 0x00000000081a0800 DEOPT PACKING pc=0x000000000f4fde28 sp=0x0000000008f7e730
Event: 46.877 Thread 0x00000000081a0800 DEOPT UNPACKING pc=0x000000000f05556a sp=0x0000000008f7e6c8 mode 2
Event: 46.878 Thread 0x00000000081a0800 DEOPT PACKING pc=0x000000000fa6f58d sp=0x0000000008f7e820
Event: 46.878 Thread 0x00000000081a0800 DEOPT UNPACKING pc=0x000000000f0575bf sp=0x0000000008f7e650 mode 0
Event: 46.927 Thread 0x0000000008192000 DEOPT PACKING pc=0x000000000fa6f248 sp=0x0000000008b7eb10
Event: 46.927 Thread 0x0000000008192000 DEOPT UNPACKING pc=0x000000000f0575bf sp=0x0000000008b7e940 mode 0
Event: 46.934 Thread 0x0000000002290800 Uncommon trap: trap_request=0x000000cd fr.pc=0x000000000f6af800
Event: 46.934 Thread 0x0000000002290800 DEOPT PACKING pc=0x000000000f6af800 sp=0x00000000021aea70
Event: 46.934 Thread 0x0000000002290800 DEOPT UNPACKING pc=0x000000000f05556a sp=0x00000000021aea28 mode 2


Dynamic libraries:
0x00007ff646dc0000 - 0x00007ff646df4000 	F:\Program Files\Java\jdk1.8.0_31\bin\java.exe
0x00007ffd6f330000 - 0x00007ffd6f4f1000 	C:\WINDOWS\SYSTEM32\ntdll.dll
0x00007ffd6f000000 - 0x00007ffd6f0ad000 	C:\WINDOWS\system32\KERNEL32.DLL
0x00007ffd6bec0000 - 0x00007ffd6c09d000 	C:\WINDOWS\system32\KERNELBASE.dll
0x00007ffd6eba0000 - 0x00007ffd6ec46000 	C:\WINDOWS\system32\ADVAPI32.dll
0x00007ffd6ce50000 - 0x00007ffd6ceed000 	C:\WINDOWS\system32\msvcrt.dll
0x00007ffd6cab0000 - 0x00007ffd6cb0b000 	C:\WINDOWS\system32\sechost.dll
0x00007ffd6cb10000 - 0x00007ffd6cc36000 	C:\WINDOWS\system32\RPCRT4.dll
0x00007ffd6e790000 - 0x00007ffd6e8de000 	C:\WINDOWS\system32\USER32.dll
0x00007ffd6cc50000 - 0x00007ffd6cdd6000 	C:\WINDOWS\system32\GDI32.dll
0x00007ffd63ec0000 - 0x00007ffd64134000 	C:\WINDOWS\WinSxS\amd64_microsoft.windows.common-controls_6595b64144ccf1df_6.0.10240.16384_none_f41f7b285750ef43\COMCTL32.dll
0x00007ffd6e610000 - 0x00007ffd6e646000 	C:\WINDOWS\system32\IMM32.DLL
0x00007ffd6ea40000 - 0x00007ffd6eb9c000 	C:\WINDOWS\system32\MSCTF.dll
0x00007ffd6bc50000 - 0x00007ffd6bc81000 	C:\Windows\system32\nvinitx.dll
0x00007ffd6bc40000 - 0x00007ffd6bc4a000 	C:\WINDOWS\SYSTEM32\VERSION.dll
0x000000000f000000 - 0x000000000f006000 	C:\Program Files\NVIDIA Corporation\CoProcManager\_etoured.dll
0x00007ffd6a200000 - 0x00007ffd6a233000 	C:\Program Files\NVIDIA Corporation\CoProcManager\nvd3d9wrapx.dll
0x00007ffd6cf10000 - 0x00007ffd6d0d5000 	C:\WINDOWS\system32\SETUPAPI.dll
0x00007ffd6c7e0000 - 0x00007ffd6c824000 	C:\WINDOWS\system32\CFGMGR32.dll
0x00007ffd69de0000 - 0x00007ffd69e02000 	C:\Program Files\NVIDIA Corporation\CoProcManager\nvdxgiwrapx.dll
0x0000000061dd0000 - 0x0000000061ea2000 	F:\Program Files\Java\jdk1.8.0_31\jre\bin\msvcr100.dll
0x0000000062100000 - 0x000000006295a000 	F:\Program Files\Java\jdk1.8.0_31\jre\bin\server\jvm.dll
0x00007ffd6cc40000 - 0x00007ffd6cc48000 	C:\WINDOWS\system32\PSAPI.DLL
0x00007ffd60940000 - 0x00007ffd60949000 	C:\WINDOWS\SYSTEM32\WSOCK32.dll
0x00007ffd6cde0000 - 0x00007ffd6ce49000 	C:\WINDOWS\system32\WS2_32.dll
0x00007ffd6e650000 - 0x00007ffd6e658000 	C:\WINDOWS\system32\NSI.dll
0x00007ffd69d10000 - 0x00007ffd69d33000 	C:\WINDOWS\SYSTEM32\WINMM.dll
0x00007ffd69cb0000 - 0x00007ffd69cdc000 	C:\WINDOWS\SYSTEM32\WINMMBASE.dll
0x00007ffd6a680000 - 0x00007ffd6a6a7000 	C:\WINDOWS\SYSTEM32\DEVOBJ.dll
0x0000000062e20000 - 0x0000000062e2f000 	F:\Program Files\Java\jdk1.8.0_31\jre\bin\verify.dll
0x0000000062df0000 - 0x0000000062e18000 	F:\Program Files\Java\jdk1.8.0_31\jre\bin\java.dll
0x0000000062dd0000 - 0x0000000062de6000 	F:\Program Files\Java\jdk1.8.0_31\jre\bin\zip.dll
0x00007ffd6d0e0000 - 0x00007ffd6e602000 	C:\WINDOWS\system32\SHELL32.dll
0x00007ffd6c0a0000 - 0x00007ffd6c6c9000 	C:\WINDOWS\system32\windows.storage.dll
0x00007ffd6f0b0000 - 0x00007ffd6f32c000 	C:\WINDOWS\system32\combase.dll
0x00007ffd6ef40000 - 0x00007ffd6ef91000 	C:\WINDOWS\system32\shlwapi.dll
0x00007ffd6bdd0000 - 0x00007ffd6bddf000 	C:\WINDOWS\system32\kernel.appcore.dll
0x00000000021b0000 - 0x0000000002263000 	C:\WINDOWS\system32\shcore.dll
0x00007ffd6bd60000 - 0x00007ffd6bdaa000 	C:\WINDOWS\system32\powrprof.dll
0x00007ffd6bdb0000 - 0x00007ffd6bdc3000 	C:\WINDOWS\system32\profapi.dll
0x00007ffd57720000 - 0x00007ffd578aa000 	C:\WINDOWS\SYSTEM32\dbghelp.dll

VM Arguments:
jvm_args: -Xmx1024M -Dfile.encoding=windows-1252 -Duser.country=US -Duser.language=en -Duser.variant 
java_command: com.android.dx.command.Main --dex --num-threads=4 --output F:\Programming\Programs\Android\DailyMeds\mobile\build\intermediates\pre-dexed\debug\classes-aa1326909a0ca1b7bfe8d2c70c3b604cbff4a062.jar F:\Programming\Programs\Android\DailyMeds\mobile\build\intermediates\exploded-aar\com.google.android.gms\play-services-analytics\7.8.0\jars\classes.jar
java_class_path (initial): F:\Program Files\Android\sdk\build-tools\23.0.0\lib\dx.jar
Launcher Type: SUN_STANDARD

Environment Variables:
JAVA_HOME=F:\Program Files\Java\jdk1.8.0_31
PATH=C:\ProgramData\Oracle\Java\javapath;C:\Windows\system32;C:\Windows;C:\Windows\System32\Wbem;C:\Windows\System32\WindowsPowerShell\v1.0\;C:\Program Files (x86)\MiKTeX 2.9\miktex\bin\;C:\Program Files (x86)\Windows Kits\8.1\Windows Performance Toolkit\;C:\Program Files\Microsoft SQL Server\110\Tools\Binn\;C:\Program Files (x86)\Microsoft SDKs\TypeScript\1.0\;C:\WINDOWS\system32;C:\WINDOWS;C:\WINDOWS\System32\Wbem;C:\WINDOWS\System32\WindowsPowerShell\v1.0\;C:\Program Files (x86)\NVIDIA Corporation\PhysX\Common;F:\Program Files (x86)\Git\cmd;C:\Program Files (x86)\Skype\Phone\
USERNAME=captain
OS=Windows_NT
PROCESSOR_IDENTIFIER=Intel64 Family 6 Model 42 Stepping 7, GenuineIntel



---------------  S Y S T E M  ---------------

OS: Windows 8.1 , 64 bit Build 9600 

CPU:total 8 (4 cores per cpu, 2 threads per core) family 6 model 42 stepping 7, cmov, cx8, fxsr, mmx, sse, sse2, sse3, ssse3, sse4.1, sse4.2, popcnt, avx, aes, clmul, ht, tsc, tscinvbit

Memory: 4k page, physical 6201544k(327644k free), swap 7996156k(5124k free)

vm_info: Java HotSpot(TM) 64-Bit Server VM (25.31-b07) for windows-amd64 JRE (1.8.0_31-b13), built on Dec 17 2014 21:00:28 by "java_re" with MS VC++ 10.0 (VS2010)

time: Fri Aug 28 17:03:27 2015
elapsed time: 46 seconds (0d 0h 0m 46s)

