#
# There is insufficient memory for the Java Runtime Environment to continue.
# Native memory allocation (malloc) failed to allocate 131088 bytes for Chunk::new
# Possible reasons:
#   The system is out of physical RAM or swap space
#   In 32 bit mode, the process size limit was hit
# Possible solutions:
#   Reduce memory load on the system
#   Increase physical memory or swap space
#   Check if swap backing store is full
#   Use 64 bit Java on a 64 bit OS
#   Decrease Java heap size (-Xmx/-Xms)
#   Decrease number of Java threads
#   Decrease Java thread stack sizes (-Xss)
#   Set larger code cache with -XX:ReservedCodeCacheSize=
# This output file may be truncated or incomplete.
#
#  Out of Memory Error (allocation.cpp:390), pid=11016, tid=9136
#
# JRE version: Java(TM) SE Runtime Environment (8.0_31-b13) (build 1.8.0_31-b13)
# Java VM: Java HotSpot(TM) 64-Bit Server VM (25.31-b07 mixed mode windows-amd64 compressed oops)
# Failed to write core dump. Minidumps are not enabled by default on client versions of Windows
#

---------------  T H R E A D  ---------------

Current thread (0x0000000008636000):  JavaThread "C2 CompilerThread0" daemon [_thread_in_native, id=9136, stack(0x0000000008c10000,0x0000000008d10000)]

Stack: [0x0000000008c10000,0x0000000008d10000]
[error occurred during error reporting (printing stack bounds), id 0xc0000005]

Native frames: (J=compiled Java code, j=interpreted, Vv=VM code, C=native code)
V  [jvm.dll+0x3169ba]


Current CompileTask:
C2:  12227 1312       4       com.android.dx.ssa.SCCP::simulateBranch (666 bytes)


---------------  P R O C E S S  ---------------

Java Threads: ( => current thread )
  0x00000000088f2000 JavaThread "pool-1-thread-4" [_thread_in_Java, id=10972, stack(0x0000000009610000,0x0000000009710000)]
  0x00000000088eb000 JavaThread "pool-1-thread-3" [_thread_blocked, id=10160, stack(0x0000000009510000,0x0000000009610000)]
  0x00000000088e4800 JavaThread "pool-1-thread-2" [_thread_in_Java, id=4608, stack(0x0000000009410000,0x0000000009510000)]
  0x00000000088e2000 JavaThread "pool-2-thread-1" [_thread_blocked, id=2744, stack(0x0000000009310000,0x0000000009410000)]
  0x00000000088df000 JavaThread "pool-1-thread-1" [_thread_in_Java, id=6608, stack(0x0000000009210000,0x0000000009310000)]
  0x0000000008697800 JavaThread "Service Thread" daemon [_thread_blocked, id=10252, stack(0x0000000009010000,0x0000000009110000)]
  0x000000000868c800 JavaThread "C1 CompilerThread3" daemon [_thread_blocked, id=9736, stack(0x0000000008f10000,0x0000000009010000)]
  0x000000000868a000 JavaThread "C2 CompilerThread2" daemon [_thread_in_native, id=6340, stack(0x0000000008e10000,0x0000000008f10000)]
  0x0000000008639000 JavaThread "C2 CompilerThread1" daemon [_thread_in_native, id=10948, stack(0x0000000008d10000,0x0000000008e10000)]
=>0x0000000008636000 JavaThread "C2 CompilerThread0" daemon [_thread_in_native, id=9136, stack(0x0000000008c10000,0x0000000008d10000)]
  0x0000000008634800 JavaThread "Attach Listener" daemon [_thread_blocked, id=9120, stack(0x0000000008b10000,0x0000000008c10000)]
  0x0000000008634000 JavaThread "Signal Dispatcher" daemon [_thread_blocked, id=1996, stack(0x0000000008a10000,0x0000000008b10000)]
  0x0000000002b22000 JavaThread "Finalizer" daemon [_thread_blocked, id=5072, stack(0x0000000008510000,0x0000000008610000)]
  0x000000000664c800 JavaThread "Reference Handler" daemon [_thread_blocked, id=9256, stack(0x0000000008410000,0x0000000008510000)]
  0x0000000002a30800 JavaThread "main" [_thread_in_Java, id=5168, stack(0x0000000002830000,0x0000000002930000)]

Other Threads:
  0x0000000006648800 VMThread [stack: 0x0000000008310000,0x0000000008410000] [id=8236]
  0x0000000008699800 WatcherThread [stack: 0x0000000009110000,0x0000000009210000] [id=2240]

VM state:not at safepoint (normal execution)

VM Mutex/Monitor currently owned by a thread: None

Heap:
 PSYoungGen      total 28672K, used 16074K [0x00000000eab00000, 0x00000000ecb00000, 0x0000000100000000)
  eden space 24576K, 48% used [0x00000000eab00000,0x00000000eb6b8918,0x00000000ec300000)
  from space 4096K, 99% used [0x00000000ec300000,0x00000000ec6fa028,0x00000000ec700000)
  to   space 4096K, 0% used [0x00000000ec700000,0x00000000ec700000,0x00000000ecb00000)
 ParOldGen       total 65536K, used 1143K [0x00000000c0000000, 0x00000000c4000000, 0x00000000eab00000)
  object space 65536K, 1% used [0x00000000c0000000,0x00000000c011dce0,0x00000000c4000000)
 Metaspace       used 5900K, capacity 6960K, committed 7040K, reserved 1056768K
  class space    used 580K, capacity 616K, committed 640K, reserved 1048576K

Card table byte_map: [0x0000000002ef0000,0x0000000003100000] byte_map_base: 0x00000000028f0000

Marking Bits: (ParMarkBitMap*) 0x00000000628dd4f0
 Begin Bits: [0x0000000003a60000, 0x0000000004a60000)
 End Bits:   [0x0000000004a60000, 0x0000000005a60000)

Polling page: 0x00000000026b0000

CodeCache: size=245760Kb used=5391Kb max_used=5392Kb free=240368Kb
 bounds [0x000000000f010000, 0x000000000f560000, 0x000000001e010000]
 total_blobs=1616 nmethods=1352 adapters=178
 compilation: enabled

Compilation events (10 events):
Event: 12.041 Thread 0x000000000868c800 1328       3       com.android.dx.rop.code.AccessFlags::isSynchronized (13 bytes)
Event: 12.041 Thread 0x000000000868c800 nmethod 1328 0x000000000f5408d0 code [0x000000000f540a20, 0x000000000f540bb0]
Event: 12.041 Thread 0x000000000868c800 1329       3       com.android.dx.dex.file.EncodedMethod::<init> (68 bytes)
Event: 12.042 Thread 0x000000000868c800 nmethod 1329 0x000000000f5400d0 code [0x000000000f540260, 0x000000000f540718]
Event: 12.042 Thread 0x000000000868c800 1330       3       com.android.dx.dex.cf.AttributeTranslator::getParameterAnnotations (69 bytes)
Event: 12.043 Thread 0x000000000868c800 nmethod 1330 0x000000000f543e10 code [0x000000000f544020, 0x000000000f544998]
Event: 12.044 Thread 0x000000000868c800 1331       3       java.util.concurrent.locks.AbstractQueuedSynchronizer::compareAndSetState (13 bytes)
Event: 12.044 Thread 0x000000000868c800 nmethod 1331 0x000000000f53fd90 code [0x000000000f53fee0, 0x000000000f540050]
Event: 12.090 Thread 0x000000000868c800 1332       3       com.android.dx.ssa.PhiInsn::mapSourceRegisters (78 bytes)
Event: 12.091 Thread 0x000000000868c800 nmethod 1332 0x000000000f546850 code [0x000000000f546a40, 0x000000000f5473e8]

GC Heap History (2 events):
Event: 10.610 GC heap before
{Heap before GC invocations=1 (full 0):
 PSYoungGen      total 28672K, used 24576K [0x00000000eab00000, 0x00000000ecb00000, 0x0000000100000000)
  eden space 24576K, 100% used [0x00000000eab00000,0x00000000ec300000,0x00000000ec300000)
  from space 4096K, 0% used [0x00000000ec700000,0x00000000ec700000,0x00000000ecb00000)
  to   space 4096K, 0% used [0x00000000ec300000,0x00000000ec300000,0x00000000ec700000)
 ParOldGen       total 65536K, used 0K [0x00000000c0000000, 0x00000000c4000000, 0x00000000eab00000)
  object space 65536K, 0% used [0x00000000c0000000,0x00000000c0000000,0x00000000c4000000)
 Metaspace       used 5807K, capacity 6896K, committed 7040K, reserved 1056768K
  class space    used 578K, capacity 616K, committed 640K, reserved 1048576K
Event: 11.381 GC heap after
Heap after GC invocations=1 (full 0):
 PSYoungGen      total 28672K, used 4072K [0x00000000eab00000, 0x00000000ecb00000, 0x0000000100000000)
  eden space 24576K, 0% used [0x00000000eab00000,0x00000000eab00000,0x00000000ec300000)
  from space 4096K, 99% used [0x00000000ec300000,0x00000000ec6fa028,0x00000000ec700000)
  to   space 4096K, 0% used [0x00000000ec700000,0x00000000ec700000,0x00000000ecb00000)
 ParOldGen       total 65536K, used 1143K [0x00000000c0000000, 0x00000000c4000000, 0x00000000eab00000)
  object space 65536K, 1% used [0x00000000c0000000,0x00000000c011dce0,0x00000000c4000000)
 Metaspace       used 5807K, capacity 6896K, committed 7040K, reserved 1056768K
  class space    used 578K, capacity 616K, committed 640K, reserved 1048576K
}

Deoptimization events (4 events):
Event: 8.971 Thread 0x00000000088e4800 Uncommon trap: reason=bimorphic action=maybe_recompile pc=0x000000000f270ddc method=java.util.HashMap.getNode(ILjava/lang/Object;)Ljava/util/HashMap$Node; @ 126
Event: 10.104 Thread 0x00000000088df000 Uncommon trap: reason=bimorphic action=maybe_recompile pc=0x000000000f270ddc method=java.util.HashMap.getNode(ILjava/lang/Object;)Ljava/util/HashMap$Node; @ 126
Event: 10.137 Thread 0x00000000088df000 Uncommon trap: reason=bimorphic action=maybe_recompile pc=0x000000000f270ddc method=java.util.HashMap.getNode(ILjava/lang/Object;)Ljava/util/HashMap$Node; @ 126
Event: 11.499 Thread 0x00000000088e4800 Uncommon trap: reason=unloaded action=reinterpret pc=0x000000000f304378 method=com.android.dx.ssa.SsaRenamer$BlockRenamer.visitMoveInsn(Lcom/android/dx/ssa/NormalSsaInsn;)V @ 208

Internal exceptions (10 events):
Event: 8.345 Thread 0x00000000088e4800 Exception <a 'java/security/PrivilegedActionException'> (0x00000000eb08ea50) thrown at [C:\workspace\8-2-build-windows-amd64-cygwin\jdk8u31\2394\hotspot\src\share\vm\prims\jvm.cpp, line 1312]
Event: 8.348 Thread 0x00000000088eb000 Exception <a 'java/security/PrivilegedActionException'> (0x00000000eb4996c8) thrown at [C:\workspace\8-2-build-windows-amd64-cygwin\jdk8u31\2394\hotspot\src\share\vm\prims\jvm.cpp, line 1312]
Event: 8.372 Thread 0x00000000088e4800 Exception <a 'java/security/PrivilegedActionException'> (0x00000000eb0b6500) thrown at [C:\workspace\8-2-build-windows-amd64-cygwin\jdk8u31\2394\hotspot\src\share\vm\prims\jvm.cpp, line 1312]
Event: 8.946 Thread 0x0000000002a30800 Exception <a 'java/security/PrivilegedActionException'> (0x00000000eb7b3320) thrown at [C:\workspace\8-2-build-windows-amd64-cygwin\jdk8u31\2394\hotspot\src\share\vm\prims\jvm.cpp, line 1312]
Event: 9.110 Thread 0x00000000088df000 Exception <a 'java/security/PrivilegedActionException'> (0x00000000eba5b998) thrown at [C:\workspace\8-2-build-windows-amd64-cygwin\jdk8u31\2394\hotspot\src\share\vm\prims\jvm.cpp, line 1312]
Event: 9.253 Thread 0x00000000088df000 Exception <a 'java/security/PrivilegedActionException'> (0x00000000ebcc1888) thrown at [C:\workspace\8-2-build-windows-amd64-cygwin\jdk8u31\2394\hotspot\src\share\vm\prims\jvm.cpp, line 1312]
Event: 10.101 Thread 0x00000000088e4800 Exception <a 'java/security/PrivilegedActionException'> (0x00000000ec0a0128) thrown at [C:\workspace\8-2-build-windows-amd64-cygwin\jdk8u31\2394\hotspot\src\share\vm\prims\jvm.cpp, line 1312]
Event: 12.025 Thread 0x0000000002a30800 Exception <a 'java/security/PrivilegedActionException'> (0x00000000eaf808f0) thrown at [C:\workspace\8-2-build-windows-amd64-cygwin\jdk8u31\2394\hotspot\src\share\vm\prims\jvm.cpp, line 1312]
Event: 12.027 Thread 0x0000000002a30800 Exception <a 'java/security/PrivilegedActionException'> (0x00000000eaf8a900) thrown at [C:\workspace\8-2-build-windows-amd64-cygwin\jdk8u31\2394\hotspot\src\share\vm\prims\jvm.cpp, line 1312]
Event: 12.028 Thread 0x0000000002a30800 Exception <a 'java/security/PrivilegedActionException'> (0x00000000eaf8cd78) thrown at [C:\workspace\8-2-build-windows-amd64-cygwin\jdk8u31\2394\hotspot\src\share\vm\prims\jvm.cpp, line 1312]

Events (10 events):
Event: 11.381 Executing VM operation: ParallelGCFailedAllocation done
Event: 11.499 Thread 0x00000000088e4800 Uncommon trap: trap_request=0x00000034 fr.pc=0x000000000f304378
Event: 11.499 Thread 0x00000000088e4800 DEOPT PACKING pc=0x000000000f304378 sp=0x000000000950ebb0
Event: 11.499 Thread 0x00000000088e4800 DEOPT UNPACKING pc=0x000000000f05556a sp=0x000000000950eac0 mode 2
Event: 12.025 loading class com/android/dx/cf/direct/AnnotationParser
Event: 12.025 loading class com/android/dx/cf/direct/AnnotationParser done
Event: 12.027 loading class com/android/dx/cf/attrib/AttRuntimeVisibleAnnotations
Event: 12.027 loading class com/android/dx/cf/attrib/AttRuntimeVisibleAnnotations done
Event: 12.028 loading class com/android/dx/cf/attrib/BaseAnnotations
Event: 12.028 loading class com/android/dx/cf/attrib/BaseAnnotations done


Dynamic libraries:
0x00007ff646dc0000 - 0x00007ff646df4000 	F:\Program Files\Java\jdk1.8.0_31\bin\java.exe
0x00007ffd6f330000 - 0x00007ffd6f4f1000 	C:\WINDOWS\SYSTEM32\ntdll.dll
0x00007ffd6f000000 - 0x00007ffd6f0ad000 	C:\WINDOWS\system32\KERNEL32.DLL
0x00007ffd6bec0000 - 0x00007ffd6c09d000 	C:\WINDOWS\system32\KERNELBASE.dll
0x00007ffd6eba0000 - 0x00007ffd6ec46000 	C:\WINDOWS\system32\ADVAPI32.dll
0x00007ffd6ce50000 - 0x00007ffd6ceed000 	C:\WINDOWS\system32\msvcrt.dll
0x00007ffd6cab0000 - 0x00007ffd6cb0b000 	C:\WINDOWS\system32\sechost.dll
0x00007ffd6cb10000 - 0x00007ffd6cc36000 	C:\WINDOWS\system32\RPCRT4.dll
0x00007ffd6e790000 - 0x00007ffd6e8de000 	C:\WINDOWS\system32\USER32.dll
0x00007ffd6cc50000 - 0x00007ffd6cdd6000 	C:\WINDOWS\system32\GDI32.dll
0x00007ffd63ec0000 - 0x00007ffd64134000 	C:\WINDOWS\WinSxS\amd64_microsoft.windows.common-controls_6595b64144ccf1df_6.0.10240.16384_none_f41f7b285750ef43\COMCTL32.dll
0x00007ffd6e610000 - 0x00007ffd6e646000 	C:\WINDOWS\system32\IMM32.DLL
0x00007ffd6ea40000 - 0x00007ffd6eb9c000 	C:\WINDOWS\system32\MSCTF.dll
0x00007ffd6bc50000 - 0x00007ffd6bc81000 	C:\Windows\system32\nvinitx.dll
0x00007ffd6bc40000 - 0x00007ffd6bc4a000 	C:\WINDOWS\SYSTEM32\VERSION.dll
0x000000000f000000 - 0x000000000f006000 	C:\Program Files\NVIDIA Corporation\CoProcManager\_etoured.dll
0x00007ffd6a200000 - 0x00007ffd6a233000 	C:\Program Files\NVIDIA Corporation\CoProcManager\nvd3d9wrapx.dll
0x00007ffd6cf10000 - 0x00007ffd6d0d5000 	C:\WINDOWS\system32\SETUPAPI.dll
0x00007ffd6c7e0000 - 0x00007ffd6c824000 	C:\WINDOWS\system32\CFGMGR32.dll
0x00007ffd69de0000 - 0x00007ffd69e02000 	C:\Program Files\NVIDIA Corporation\CoProcManager\nvdxgiwrapx.dll
0x0000000061dd0000 - 0x0000000061ea2000 	F:\Program Files\Java\jdk1.8.0_31\jre\bin\msvcr100.dll
0x0000000062100000 - 0x000000006295a000 	F:\Program Files\Java\jdk1.8.0_31\jre\bin\server\jvm.dll
0x00007ffd6cc40000 - 0x00007ffd6cc48000 	C:\WINDOWS\system32\PSAPI.DLL
0x00007ffd60940000 - 0x00007ffd60949000 	C:\WINDOWS\SYSTEM32\WSOCK32.dll
0x00007ffd6cde0000 - 0x00007ffd6ce49000 	C:\WINDOWS\system32\WS2_32.dll
0x00007ffd6e650000 - 0x00007ffd6e658000 	C:\WINDOWS\system32\NSI.dll
0x00007ffd69d10000 - 0x00007ffd69d33000 	C:\WINDOWS\SYSTEM32\WINMM.dll
0x00007ffd69cb0000 - 0x00007ffd69cdc000 	C:\WINDOWS\SYSTEM32\WINMMBASE.dll
0x00007ffd6a680000 - 0x00007ffd6a6a7000 	C:\WINDOWS\SYSTEM32\DEVOBJ.dll
0x0000000062e20000 - 0x0000000062e2f000 	F:\Program Files\Java\jdk1.8.0_31\jre\bin\verify.dll
0x0000000062df0000 - 0x0000000062e18000 	F:\Program Files\Java\jdk1.8.0_31\jre\bin\java.dll
0x0000000062dd0000 - 0x0000000062de6000 	F:\Program Files\Java\jdk1.8.0_31\jre\bin\zip.dll
0x00007ffd6d0e0000 - 0x00007ffd6e602000 	C:\WINDOWS\system32\SHELL32.dll
0x00007ffd6c0a0000 - 0x00007ffd6c6c9000 	C:\WINDOWS\system32\windows.storage.dll
0x00007ffd6f0b0000 - 0x00007ffd6f32c000 	C:\WINDOWS\system32\combase.dll
0x00007ffd6ef40000 - 0x00007ffd6ef91000 	C:\WINDOWS\system32\shlwapi.dll
0x00007ffd6bdd0000 - 0x00007ffd6bddf000 	C:\WINDOWS\system32\kernel.appcore.dll
0x0000000002750000 - 0x0000000002803000 	C:\WINDOWS\system32\shcore.dll
0x00007ffd6bd60000 - 0x00007ffd6bdaa000 	C:\WINDOWS\system32\powrprof.dll
0x00007ffd6bdb0000 - 0x00007ffd6bdc3000 	C:\WINDOWS\system32\profapi.dll
0x00007ffd57720000 - 0x00007ffd578aa000 	C:\WINDOWS\SYSTEM32\dbghelp.dll

VM Arguments:
jvm_args: -Xmx1024M -Dfile.encoding=windows-1252 -Duser.country=US -Duser.language=en -Duser.variant 
java_command: com.android.dx.command.Main --dex --num-threads=4 --output F:\Programming\Programs\Android\DailyMeds\mobile\build\intermediates\pre-dexed\debug\classes-6932444001f6e7e348220d98f977dafc6b0db678.jar F:\Programming\Programs\Android\DailyMeds\mobile\build\intermediates\exploded-aar\com.google.android.gms\play-services-location\7.8.0\jars\classes.jar
java_class_path (initial): F:\Program Files\Android\sdk\build-tools\23.0.0\lib\dx.jar
Launcher Type: SUN_STANDARD

Environment Variables:
JAVA_HOME=F:\Program Files\Java\jdk1.8.0_31
PATH=C:\ProgramData\Oracle\Java\javapath;C:\Windows\system32;C:\Windows;C:\Windows\System32\Wbem;C:\Windows\System32\WindowsPowerShell\v1.0\;C:\Program Files (x86)\MiKTeX 2.9\miktex\bin\;C:\Program Files (x86)\Windows Kits\8.1\Windows Performance Toolkit\;C:\Program Files\Microsoft SQL Server\110\Tools\Binn\;C:\Program Files (x86)\Microsoft SDKs\TypeScript\1.0\;C:\WINDOWS\system32;C:\WINDOWS;C:\WINDOWS\System32\Wbem;C:\WINDOWS\System32\WindowsPowerShell\v1.0\;C:\Program Files (x86)\NVIDIA Corporation\PhysX\Common;F:\Program Files (x86)\Git\cmd;C:\Program Files (x86)\Skype\Phone\
USERNAME=captain
OS=Windows_NT
PROCESSOR_IDENTIFIER=Intel64 Family 6 Model 42 Stepping 7, GenuineIntel



---------------  S Y S T E M  ---------------

OS: Windows 8.1 , 64 bit Build 9600 

CPU:total 8 (4 cores per cpu, 2 threads per core) family 6 model 42 stepping 7, cmov, cx8, fxsr, mmx, sse, sse2, sse3, ssse3, sse4.1, sse4.2, popcnt, avx, aes, clmul, ht, tsc, tscinvbit

Memory: 4k page, physical 6201544k(374800k free), swap 7996156k(1100k free)

vm_info: Java HotSpot(TM) 64-Bit Server VM (25.31-b07) for windows-amd64 JRE (1.8.0_31-b13), built on Dec 17 2014 21:00:28 by "java_re" with MS VC++ 10.0 (VS2010)

time: Fri Aug 28 17:03:27 2015
elapsed time: 12 seconds (0d 0h 0m 12s)

