#
# There is insufficient memory for the Java Runtime Environment to continue.
# Native memory allocation (malloc) failed to allocate 1597072 bytes for Chunk::new
# Possible reasons:
#   The system is out of physical RAM or swap space
#   In 32 bit mode, the process size limit was hit
# Possible solutions:
#   Reduce memory load on the system
#   Increase physical memory or swap space
#   Check if swap backing store is full
#   Use 64 bit Java on a 64 bit OS
#   Decrease Java heap size (-Xmx/-Xms)
#   Decrease number of Java threads
#   Decrease Java thread stack sizes (-Xss)
#   Set larger code cache with -XX:ReservedCodeCacheSize=
# This output file may be truncated or incomplete.
#
#  Out of Memory Error (allocation.cpp:390), pid=3032, tid=10116
#
# JRE version: Java(TM) SE Runtime Environment (8.0_31-b13) (build 1.8.0_31-b13)
# Java VM: Java HotSpot(TM) 64-Bit Server VM (25.31-b07 mixed mode windows-amd64 compressed oops)
# Failed to write core dump. Minidumps are not enabled by default on client versions of Windows
#

---------------  T H R E A D  ---------------

Current thread (0x0000000008916000):  JavaThread "C2 CompilerThread0" daemon [_thread_in_native, id=10116, stack(0x0000000008ef0000,0x0000000008ff0000)]

Stack: [0x0000000008ef0000,0x0000000008ff0000]
Native frames: (J=compiled Java code, j=interpreted, Vv=VM code, C=native code)
V  [jvm.dll+0x3169ba]
V  [jvm.dll+0x2674c3]
V  [jvm.dll+0x268103]
V  [jvm.dll+0x25f8f5]
V  [jvm.dll+0xbf025]
V  [jvm.dll+0xbf4cc]
V  [jvm.dll+0x44b7f2]
V  [jvm.dll+0x4c0fa5]
V  [jvm.dll+0x4c1bdf]
V  [jvm.dll+0x4519e1]
V  [jvm.dll+0x4541b8]
V  [jvm.dll+0x437c62]
V  [jvm.dll+0x988e2]
V  [jvm.dll+0x990d3]
V  [jvm.dll+0x22c194]
V  [jvm.dll+0x28576a]
C  [msvcr100.dll+0x21d9f]
C  [msvcr100.dll+0x21e3b]
C  [KERNEL32.DLL+0x12d92]
C  [ntdll.dll+0x9f64]


Current CompileTask:
C2:  12345 1180   !   4       com.android.dx.cf.code.BytecodeArray::parseInstruction (2764 bytes)


---------------  P R O C E S S  ---------------

Java Threads: ( => current thread )
  0x0000000008be2000 JavaThread "pool-1-thread-4" [_thread_blocked, id=4800, stack(0x00000000098f0000,0x00000000099f0000)]
  0x0000000008bc8000 JavaThread "pool-1-thread-3" [_thread_in_Java, id=6212, stack(0x00000000097f0000,0x00000000098f0000)]
  0x0000000008bbf000 JavaThread "pool-1-thread-2" [_thread_in_Java, id=11140, stack(0x00000000096f0000,0x00000000097f0000)]
  0x0000000008bbe800 JavaThread "pool-2-thread-1" [_thread_blocked, id=7696, stack(0x00000000095f0000,0x00000000096f0000)]
  0x0000000008bba000 JavaThread "pool-1-thread-1" [_thread_in_Java, id=10092, stack(0x00000000094f0000,0x00000000095f0000)]
  0x0000000008928800 JavaThread "Service Thread" daemon [_thread_blocked, id=6568, stack(0x00000000092f0000,0x00000000093f0000)]
  0x0000000008920800 JavaThread "C1 CompilerThread3" daemon [_thread_blocked, id=7184, stack(0x00000000091f0000,0x00000000092f0000)]
  0x000000000891b000 JavaThread "C2 CompilerThread2" daemon [_thread_in_native, id=4252, stack(0x00000000090f0000,0x00000000091f0000)]
  0x0000000008919000 JavaThread "C2 CompilerThread1" daemon [_thread_in_native, id=5960, stack(0x0000000008ff0000,0x00000000090f0000)]
=>0x0000000008916000 JavaThread "C2 CompilerThread0" daemon [_thread_in_native, id=10116, stack(0x0000000008ef0000,0x0000000008ff0000)]
  0x0000000008914800 JavaThread "Attach Listener" daemon [_thread_blocked, id=2292, stack(0x0000000008df0000,0x0000000008ef0000)]
  0x0000000008914000 JavaThread "Signal Dispatcher" daemon [_thread_blocked, id=6644, stack(0x0000000008cf0000,0x0000000008df0000)]
  0x0000000002d32000 JavaThread "Finalizer" daemon [_thread_blocked, id=6716, stack(0x0000000008730000,0x0000000008830000)]
  0x000000000685c800 JavaThread "Reference Handler" daemon [_thread_blocked, id=8200, stack(0x0000000008630000,0x0000000008730000)]
  0x0000000002c40800 JavaThread "main" [_thread_blocked, id=8576, stack(0x0000000002a90000,0x0000000002b90000)]

Other Threads:
  0x0000000006858800 VMThread [stack: 0x0000000008530000,0x0000000008630000] [id=11224]
  0x000000000892b000 WatcherThread [stack: 0x00000000093f0000,0x00000000094f0000] [id=9052]

VM state:not at safepoint (normal execution)

VM Mutex/Monitor currently owned by a thread: None

Heap:
 PSYoungGen      total 28672K, used 28664K [0x00000000eab00000, 0x00000000ee300000, 0x0000000100000000)
  eden space 24576K, 100% used [0x00000000eab00000,0x00000000ec300000,0x00000000ec300000)
  from space 4096K, 99% used [0x00000000ec300000,0x00000000ec6fe038,0x00000000ec700000)
  to   space 4096K, 0% used [0x00000000edf00000,0x00000000edf00000,0x00000000ee300000)
 ParOldGen       total 65536K, used 1079K [0x00000000c0000000, 0x00000000c4000000, 0x00000000eab00000)
  object space 65536K, 1% used [0x00000000c0000000,0x00000000c010dfc0,0x00000000c4000000)
 Metaspace       used 5935K, capacity 6960K, committed 7040K, reserved 1056768K
  class space    used 579K, capacity 616K, committed 640K, reserved 1048576K

Card table byte_map: [0x0000000003100000,0x0000000003310000] byte_map_base: 0x0000000002b00000

Marking Bits: (ParMarkBitMap*) 0x00000000628dd4f0
 Begin Bits: [0x0000000003c70000, 0x0000000004c70000)
 End Bits:   [0x0000000004c70000, 0x0000000005c70000)

Polling page: 0x0000000002a40000

CodeCache: size=245760Kb used=5774Kb max_used=5774Kb free=239985Kb
 bounds [0x000000000f010000, 0x000000000f5c0000, 0x000000001e010000]
 total_blobs=1745 nmethods=1481 adapters=178
 compilation: enabled

Compilation events (10 events):
Event: 11.841 Thread 0x0000000008920800 nmethod 1422 0x000000000f564710 code [0x000000000f5648c0, 0x000000000f565128]
Event: 11.845 Thread 0x0000000008919000 nmethod 1407 0x000000000f563e50 code [0x000000000f563fc0, 0x000000000f564398]
Event: 11.845 Thread 0x0000000008919000 1420       4       com.android.dx.ssa.DeadCodeRemover::isCircularNoSideEffect (140 bytes)
Event: 11.856 Thread 0x000000000891b000 nmethod 1405 0x000000000f56fa50 code [0x000000000f56fc20, 0x000000000f5709b8]
Event: 11.856 Thread 0x000000000891b000 1423       4       com.android.dx.ssa.SsaBasicBlock::forEachInsn (37 bytes)
Event: 11.860 Thread 0x000000000891b000 nmethod 1423 0x000000000f563810 code [0x000000000f563980, 0x000000000f563b88]
Event: 11.860 Thread 0x000000000891b000 1403       4       java.util.ArrayList$SubList::checkForComodification (23 bytes)
Event: 11.861 Thread 0x000000000891b000 nmethod 1403 0x000000000f56cb50 code [0x000000000f56cc80, 0x000000000f56cd18]
Event: 11.861 Thread 0x000000000891b000 1411       4       com.android.dx.rop.type.Type::isCategory2 (36 bytes)
Event: 11.861 Thread 0x000000000891b000 nmethod 1411 0x000000000f4f6910 code [0x000000000f4f6a40, 0x000000000f4f6ab8]

GC Heap History (2 events):
Event: 10.180 GC heap before
{Heap before GC invocations=1 (full 0):
 PSYoungGen      total 28672K, used 24576K [0x00000000eab00000, 0x00000000ecb00000, 0x0000000100000000)
  eden space 24576K, 100% used [0x00000000eab00000,0x00000000ec300000,0x00000000ec300000)
  from space 4096K, 0% used [0x00000000ec700000,0x00000000ec700000,0x00000000ecb00000)
  to   space 4096K, 0% used [0x00000000ec300000,0x00000000ec300000,0x00000000ec700000)
 ParOldGen       total 65536K, used 0K [0x00000000c0000000, 0x00000000c4000000, 0x00000000eab00000)
  object space 65536K, 0% used [0x00000000c0000000,0x00000000c0000000,0x00000000c4000000)
 Metaspace       used 5652K, capacity 6768K, committed 7040K, reserved 1056768K
  class space    used 577K, capacity 616K, committed 640K, reserved 1048576K
Event: 10.790 GC heap after
Heap after GC invocations=1 (full 0):
 PSYoungGen      total 28672K, used 4088K [0x00000000eab00000, 0x00000000ee300000, 0x0000000100000000)
  eden space 24576K, 0% used [0x00000000eab00000,0x00000000eab00000,0x00000000ec300000)
  from space 4096K, 99% used [0x00000000ec300000,0x00000000ec6fe038,0x00000000ec700000)
  to   space 4096K, 0% used [0x00000000edf00000,0x00000000edf00000,0x00000000ee300000)
 ParOldGen       total 65536K, used 1079K [0x00000000c0000000, 0x00000000c4000000, 0x00000000eab00000)
  object space 65536K, 1% used [0x00000000c0000000,0x00000000c010dfc0,0x00000000c4000000)
 Metaspace       used 5652K, capacity 6768K, committed 7040K, reserved 1056768K
  class space    used 577K, capacity 616K, committed 640K, reserved 1048576K
}

Deoptimization events (7 events):
Event: 9.655 Thread 0x0000000008bc8000 Uncommon trap: reason=null_check action=make_not_entrant pc=0x000000000f286620 method=com.android.dx.rop.type.Type.equals(Ljava/lang/Object;)Z @ 8
Event: 10.122 Thread 0x0000000008bc8000 Uncommon trap: reason=class_check action=maybe_recompile pc=0x000000000f377a20 method=com.android.dx.ssa.NormalSsaInsn.accept(Lcom/android/dx/ssa/SsaInsn$Visitor;)V @ 9
Event: 10.122 Thread 0x0000000008bc8000 Uncommon trap: reason=class_check action=maybe_recompile pc=0x000000000f28262c method=com.android.dx.ssa.NormalSsaInsn.accept(Lcom/android/dx/ssa/SsaInsn$Visitor;)V @ 9
Event: 11.073 Thread 0x0000000008bba000 Uncommon trap: reason=class_check action=maybe_recompile pc=0x000000000f377a20 method=com.android.dx.ssa.NormalSsaInsn.accept(Lcom/android/dx/ssa/SsaInsn$Visitor;)V @ 9
Event: 11.193 Thread 0x0000000008bba000 Uncommon trap: reason=class_check action=maybe_recompile pc=0x000000000f377a20 method=com.android.dx.ssa.NormalSsaInsn.accept(Lcom/android/dx/ssa/SsaInsn$Visitor;)V @ 9
Event: 11.194 Thread 0x0000000008bba000 Uncommon trap: reason=class_check action=maybe_recompile pc=0x000000000f2535f0 method=com.android.dx.ssa.NormalSsaInsn.accept(Lcom/android/dx/ssa/SsaInsn$Visitor;)V @ 9
Event: 11.197 Thread 0x0000000008bba000 Uncommon trap: reason=class_check action=maybe_recompile pc=0x000000000f28262c method=com.android.dx.ssa.NormalSsaInsn.accept(Lcom/android/dx/ssa/SsaInsn$Visitor;)V @ 9

Internal exceptions (10 events):
Event: 7.823 Thread 0x0000000008bc8000 Exception <a 'java/security/PrivilegedActionException'> (0x00000000eb3997b8) thrown at [C:\workspace\8-2-build-windows-amd64-cygwin\jdk8u31\2394\hotspot\src\share\vm\prims\jvm.cpp, line 1312]
Event: 7.833 Thread 0x0000000002c40800 Exception <a 'java/security/PrivilegedActionException'> (0x00000000eb473d90) thrown at [C:\workspace\8-2-build-windows-amd64-cygwin\jdk8u31\2394\hotspot\src\share\vm\prims\jvm.cpp, line 1312]
Event: 7.893 Thread 0x0000000008bba000 Exception <a 'java/security/PrivilegedActionException'> (0x00000000eb4f5e10) thrown at [C:\workspace\8-2-build-windows-amd64-cygwin\jdk8u31\2394\hotspot\src\share\vm\prims\jvm.cpp, line 1312]
Event: 7.954 Thread 0x0000000008bc8000 Exception <a 'java/security/PrivilegedActionException'> (0x00000000eb659d78) thrown at [C:\workspace\8-2-build-windows-amd64-cygwin\jdk8u31\2394\hotspot\src\share\vm\prims\jvm.cpp, line 1312]
Event: 9.655 Thread 0x0000000008bc8000 Implicit null exception at 0x000000000f286522 to 0x000000000f286612
Event: 9.713 Thread 0x0000000008be2000 Exception <a 'java/security/PrivilegedActionException'> (0x00000000ebb8c578) thrown at [C:\workspace\8-2-build-windows-amd64-cygwin\jdk8u31\2394\hotspot\src\share\vm\prims\jvm.cpp, line 1312]
Event: 11.457 Thread 0x0000000002c40800 Exception <a 'java/security/PrivilegedActionException'> (0x00000000eafa8400) thrown at [C:\workspace\8-2-build-windows-amd64-cygwin\jdk8u31\2394\hotspot\src\share\vm\prims\jvm.cpp, line 1312]
Event: 11.471 Thread 0x0000000002c40800 Exception <a 'java/security/PrivilegedActionException'> (0x00000000eafb25a0) thrown at [C:\workspace\8-2-build-windows-amd64-cygwin\jdk8u31\2394\hotspot\src\share\vm\prims\jvm.cpp, line 1312]
Event: 11.471 Thread 0x0000000002c40800 Exception <a 'java/security/PrivilegedActionException'> (0x00000000eb5aa410) thrown at [C:\workspace\8-2-build-windows-amd64-cygwin\jdk8u31\2394\hotspot\src\share\vm\prims\jvm.cpp, line 1312]
Event: 11.483 Thread 0x0000000002c40800 Exception <a 'java/security/PrivilegedActionException'> (0x00000000eb5be0e0) thrown at [C:\workspace\8-2-build-windows-amd64-cygwin\jdk8u31\2394\hotspot\src\share\vm\prims\jvm.cpp, line 1312]

Events (10 events):
Event: 11.310 Thread 0x0000000008bba000 DEOPT PACKING pc=0x000000000f374d9f sp=0x00000000095eebf0
Event: 11.311 Thread 0x0000000008bba000 DEOPT UNPACKING pc=0x000000000f0575bf sp=0x00000000095ee9d0 mode 0
Event: 11.457 loading class com/android/dx/cf/direct/AnnotationParser
Event: 11.457 loading class com/android/dx/cf/direct/AnnotationParser done
Event: 11.470 loading class com/android/dx/cf/attrib/AttRuntimeVisibleAnnotations
Event: 11.470 loading class com/android/dx/cf/attrib/AttRuntimeVisibleAnnotations done
Event: 11.471 loading class com/android/dx/cf/attrib/BaseAnnotations
Event: 11.471 loading class com/android/dx/cf/attrib/BaseAnnotations done
Event: 11.483 loading class com/android/dx/cf/attrib/AttLocalVariableTypeTable
Event: 11.483 loading class com/android/dx/cf/attrib/AttLocalVariableTypeTable done


Dynamic libraries:
0x00007ff646dc0000 - 0x00007ff646df4000 	F:\Program Files\Java\jdk1.8.0_31\bin\java.exe
0x00007ffd6f330000 - 0x00007ffd6f4f1000 	C:\WINDOWS\SYSTEM32\ntdll.dll
0x00007ffd6f000000 - 0x00007ffd6f0ad000 	C:\WINDOWS\system32\KERNEL32.DLL
0x00007ffd6bec0000 - 0x00007ffd6c09d000 	C:\WINDOWS\system32\KERNELBASE.dll
0x00007ffd6eba0000 - 0x00007ffd6ec46000 	C:\WINDOWS\system32\ADVAPI32.dll
0x00007ffd6ce50000 - 0x00007ffd6ceed000 	C:\WINDOWS\system32\msvcrt.dll
0x00007ffd6cab0000 - 0x00007ffd6cb0b000 	C:\WINDOWS\system32\sechost.dll
0x00007ffd6cb10000 - 0x00007ffd6cc36000 	C:\WINDOWS\system32\RPCRT4.dll
0x00007ffd6e790000 - 0x00007ffd6e8de000 	C:\WINDOWS\system32\USER32.dll
0x00007ffd6cc50000 - 0x00007ffd6cdd6000 	C:\WINDOWS\system32\GDI32.dll
0x00007ffd63ec0000 - 0x00007ffd64134000 	C:\WINDOWS\WinSxS\amd64_microsoft.windows.common-controls_6595b64144ccf1df_6.0.10240.16384_none_f41f7b285750ef43\COMCTL32.dll
0x00007ffd6e610000 - 0x00007ffd6e646000 	C:\WINDOWS\system32\IMM32.DLL
0x00007ffd6ea40000 - 0x00007ffd6eb9c000 	C:\WINDOWS\system32\MSCTF.dll
0x00007ffd6bc50000 - 0x00007ffd6bc81000 	C:\Windows\system32\nvinitx.dll
0x00007ffd6bc40000 - 0x00007ffd6bc4a000 	C:\WINDOWS\SYSTEM32\VERSION.dll
0x000000000f000000 - 0x000000000f006000 	C:\Program Files\NVIDIA Corporation\CoProcManager\_etoured.dll
0x00007ffd6a200000 - 0x00007ffd6a233000 	C:\Program Files\NVIDIA Corporation\CoProcManager\nvd3d9wrapx.dll
0x00007ffd6cf10000 - 0x00007ffd6d0d5000 	C:\WINDOWS\system32\SETUPAPI.dll
0x00007ffd6c7e0000 - 0x00007ffd6c824000 	C:\WINDOWS\system32\CFGMGR32.dll
0x00007ffd69de0000 - 0x00007ffd69e02000 	C:\Program Files\NVIDIA Corporation\CoProcManager\nvdxgiwrapx.dll
0x0000000061dd0000 - 0x0000000061ea2000 	F:\Program Files\Java\jdk1.8.0_31\jre\bin\msvcr100.dll
0x0000000062100000 - 0x000000006295a000 	F:\Program Files\Java\jdk1.8.0_31\jre\bin\server\jvm.dll
0x00007ffd6cc40000 - 0x00007ffd6cc48000 	C:\WINDOWS\system32\PSAPI.DLL
0x00007ffd60940000 - 0x00007ffd60949000 	C:\WINDOWS\SYSTEM32\WSOCK32.dll
0x00007ffd6cde0000 - 0x00007ffd6ce49000 	C:\WINDOWS\system32\WS2_32.dll
0x00007ffd6e650000 - 0x00007ffd6e658000 	C:\WINDOWS\system32\NSI.dll
0x00007ffd69d10000 - 0x00007ffd69d33000 	C:\WINDOWS\SYSTEM32\WINMM.dll
0x00007ffd69cb0000 - 0x00007ffd69cdc000 	C:\WINDOWS\SYSTEM32\WINMMBASE.dll
0x00007ffd6a680000 - 0x00007ffd6a6a7000 	C:\WINDOWS\SYSTEM32\DEVOBJ.dll
0x0000000062e20000 - 0x0000000062e2f000 	F:\Program Files\Java\jdk1.8.0_31\jre\bin\verify.dll
0x0000000062df0000 - 0x0000000062e18000 	F:\Program Files\Java\jdk1.8.0_31\jre\bin\java.dll
0x0000000062dd0000 - 0x0000000062de6000 	F:\Program Files\Java\jdk1.8.0_31\jre\bin\zip.dll
0x00007ffd6d0e0000 - 0x00007ffd6e602000 	C:\WINDOWS\system32\SHELL32.dll
0x00007ffd6c0a0000 - 0x00007ffd6c6c9000 	C:\WINDOWS\system32\windows.storage.dll
0x00007ffd6f0b0000 - 0x00007ffd6f32c000 	C:\WINDOWS\system32\combase.dll
0x00007ffd6ef40000 - 0x00007ffd6ef91000 	C:\WINDOWS\system32\shlwapi.dll
0x00007ffd6bdd0000 - 0x00007ffd6bddf000 	C:\WINDOWS\system32\kernel.appcore.dll
0x0000000008830000 - 0x00000000088e3000 	C:\WINDOWS\system32\shcore.dll
0x00007ffd6bd60000 - 0x00007ffd6bdaa000 	C:\WINDOWS\system32\powrprof.dll
0x00007ffd6bdb0000 - 0x00007ffd6bdc3000 	C:\WINDOWS\system32\profapi.dll
0x00007ffd57720000 - 0x00007ffd578aa000 	C:\WINDOWS\SYSTEM32\dbghelp.dll

VM Arguments:
jvm_args: -Xmx1024M -Dfile.encoding=windows-1252 -Duser.country=US -Duser.language=en -Duser.variant 
java_command: com.android.dx.command.Main --dex --num-threads=4 --output F:\Programming\Programs\Android\DailyMeds\mobile\build\intermediates\pre-dexed\debug\classes-cef535703fdd48c01656fb61747f618e18048ccb.jar F:\Programming\Programs\Android\DailyMeds\mobile\build\intermediates\exploded-aar\com.google.android.gms\play-services-cast\7.8.0\jars\classes.jar
java_class_path (initial): F:\Program Files\Android\sdk\build-tools\23.0.0\lib\dx.jar
Launcher Type: SUN_STANDARD

Environment Variables:
JAVA_HOME=F:\Program Files\Java\jdk1.8.0_31
PATH=C:\ProgramData\Oracle\Java\javapath;C:\Windows\system32;C:\Windows;C:\Windows\System32\Wbem;C:\Windows\System32\WindowsPowerShell\v1.0\;C:\Program Files (x86)\MiKTeX 2.9\miktex\bin\;C:\Program Files (x86)\Windows Kits\8.1\Windows Performance Toolkit\;C:\Program Files\Microsoft SQL Server\110\Tools\Binn\;C:\Program Files (x86)\Microsoft SDKs\TypeScript\1.0\;C:\WINDOWS\system32;C:\WINDOWS;C:\WINDOWS\System32\Wbem;C:\WINDOWS\System32\WindowsPowerShell\v1.0\;C:\Program Files (x86)\NVIDIA Corporation\PhysX\Common;F:\Program Files (x86)\Git\cmd;C:\Program Files (x86)\Skype\Phone\
USERNAME=captain
OS=Windows_NT
PROCESSOR_IDENTIFIER=Intel64 Family 6 Model 42 Stepping 7, GenuineIntel



---------------  S Y S T E M  ---------------

OS: Windows 8.1 , 64 bit Build 9600 

CPU:total 8 (4 cores per cpu, 2 threads per core) family 6 model 42 stepping 7, cmov, cx8, fxsr, mmx, sse, sse2, sse3, ssse3, sse4.1, sse4.2, popcnt, avx, aes, clmul, ht, tsc, tscinvbit

Memory: 4k page, physical 6201544k(372544k free), swap 7996156k(7168k free)

vm_info: Java HotSpot(TM) 64-Bit Server VM (25.31-b07) for windows-amd64 JRE (1.8.0_31-b13), built on Dec 17 2014 21:00:28 by "java_re" with MS VC++ 10.0 (VS2010)

time: Fri Aug 28 17:03:27 2015
elapsed time: 12 seconds (0d 0h 0m 12s)

